2018-07-16 07:09:21.801  INFO 6620 --- [main] org.swdc.note.SDreamNoteApplication      : Starting SDreamNoteApplication on LAPTOP-F2TD9061 with PID 6620 (D:\Spring\SDreamNote\target\classes started by lenovo in D:\Spring\SDreamNote)
2018-07-16 07:09:21.814  INFO 6620 --- [main] org.swdc.note.SDreamNoteApplication      : No active profile set, falling back to default profiles: default
2018-07-16 07:09:22.059  INFO 6620 --- [main] s.c.a.AnnotationConfigApplicationContext : Refreshing org.springframework.context.annotation.AnnotationConfigApplicationContext@1a482e36: startup date [Mon Jul 16 07:09:22 CST 2018]; root of context hierarchy
2018-07-16 07:09:24.224  INFO 6620 --- [main] com.zaxxer.hikari.HikariDataSource       : HikariPool-1 - Starting...
2018-07-16 07:09:25.655  INFO 6620 --- [main] com.zaxxer.hikari.HikariDataSource       : HikariPool-1 - Start completed.
2018-07-16 07:09:26.177  INFO 6620 --- [main] j.LocalContainerEntityManagerFactoryBean : Building JPA container EntityManagerFactory for persistence unit 'default'
2018-07-16 07:09:26.310  INFO 6620 --- [main] o.hibernate.jpa.internal.util.LogHelper  : HHH000204: Processing PersistenceUnitInfo [
	name: default
	...]
2018-07-16 07:09:26.836  INFO 6620 --- [main] org.hibernate.Version                    : HHH000412: Hibernate Core {5.2.17.Final}
2018-07-16 07:09:26.838  INFO 6620 --- [main] org.hibernate.cfg.Environment            : HHH000206: hibernate.properties not found
2018-07-16 07:09:27.230  INFO 6620 --- [main] o.hibernate.annotations.common.Version   : HCANN000001: Hibernate Commons Annotations {5.0.1.Final}
2018-07-16 07:09:27.722  INFO 6620 --- [main] org.hibernate.dialect.Dialect            : HHH000400: Using dialect: org.hibernate.dialect.H2Dialect
2018-07-16 07:09:29.433  INFO 6620 --- [main] j.LocalContainerEntityManagerFactoryBean : Initialized JPA EntityManagerFactory for persistence unit 'default'
2018-07-16 07:09:30.922  INFO 6620 --- [main] o.h.h.i.QueryTranslatorFactoryInitiator  : HHH000397: Using ASTQueryTranslatorFactory
2018-07-16 07:09:34.323  INFO 6620 --- [main] o.s.j.e.a.AnnotationMBeanExporter        : Registering beans for JMX exposure on startup
2018-07-16 07:09:34.324  INFO 6620 --- [main] o.s.j.e.a.AnnotationMBeanExporter        : Bean with name 'dataSource' has been autodetected for JMX exposure
2018-07-16 07:09:34.338  INFO 6620 --- [main] o.s.j.e.a.AnnotationMBeanExporter        : Located MBean 'dataSource': registering with JMX server as MBean [com.zaxxer.hikari:name=dataSource,type=HikariDataSource]
2018-07-16 07:09:34.366  INFO 6620 --- [main] org.swdc.note.SDreamNoteApplication      : Started SDreamNoteApplication in 13.52 seconds (JVM running for 15.343)
2018-07-16 07:12:48.082  INFO 18324 --- [main] org.swdc.note.SDreamNoteApplication      : Starting SDreamNoteApplication on LAPTOP-F2TD9061 with PID 18324 (D:\Spring\SDreamNote\target\classes started by lenovo in D:\Spring\SDreamNote)
2018-07-16 07:12:48.089  INFO 18324 --- [main] org.swdc.note.SDreamNoteApplication      : No active profile set, falling back to default profiles: default
2018-07-16 07:12:48.273  INFO 18324 --- [main] s.c.a.AnnotationConfigApplicationContext : Refreshing org.springframework.context.annotation.AnnotationConfigApplicationContext@595b007d: startup date [Mon Jul 16 07:12:48 CST 2018]; root of context hierarchy
2018-07-16 07:12:49.728  INFO 18324 --- [main] com.zaxxer.hikari.HikariDataSource       : HikariPool-1 - Starting...
2018-07-16 07:12:54.062  INFO 18324 --- [main] com.zaxxer.hikari.HikariDataSource       : HikariPool-1 - Start completed.
2018-07-16 07:12:54.140  INFO 18324 --- [main] j.LocalContainerEntityManagerFactoryBean : Building JPA container EntityManagerFactory for persistence unit 'default'
2018-07-16 07:12:54.168  INFO 18324 --- [main] o.hibernate.jpa.internal.util.LogHelper  : HHH000204: Processing PersistenceUnitInfo [
	name: default
	...]
2018-07-16 07:12:54.310  INFO 18324 --- [main] org.hibernate.Version                    : HHH000412: Hibernate Core {5.2.17.Final}
2018-07-16 07:12:54.313  INFO 18324 --- [main] org.hibernate.cfg.Environment            : HHH000206: hibernate.properties not found
2018-07-16 07:12:54.565  INFO 18324 --- [main] o.hibernate.annotations.common.Version   : HCANN000001: Hibernate Commons Annotations {5.0.1.Final}
2018-07-16 07:12:54.752  INFO 18324 --- [main] org.hibernate.dialect.Dialect            : HHH000400: Using dialect: org.hibernate.dialect.H2Dialect
2018-07-16 07:12:55.740  INFO 18324 --- [main] j.LocalContainerEntityManagerFactoryBean : Initialized JPA EntityManagerFactory for persistence unit 'default'
2018-07-16 07:12:57.007  INFO 18324 --- [main] o.h.h.i.QueryTranslatorFactoryInitiator  : HHH000397: Using ASTQueryTranslatorFactory
2018-07-16 07:13:00.017  INFO 18324 --- [main] o.s.j.e.a.AnnotationMBeanExporter        : Registering beans for JMX exposure on startup
2018-07-16 07:13:00.020  INFO 18324 --- [main] o.s.j.e.a.AnnotationMBeanExporter        : Bean with name 'dataSource' has been autodetected for JMX exposure
2018-07-16 07:13:00.028  INFO 18324 --- [main] o.s.j.e.a.AnnotationMBeanExporter        : Located MBean 'dataSource': registering with JMX server as MBean [com.zaxxer.hikari:name=dataSource,type=HikariDataSource]
2018-07-16 07:13:00.042  INFO 18324 --- [main] org.swdc.note.SDreamNoteApplication      : Started SDreamNoteApplication in 12.88 seconds (JVM running for 14.257)
2018-07-16 07:13:15.649  INFO 18324 --- [Thread-8] s.c.a.AnnotationConfigApplicationContext : Closing org.springframework.context.annotation.AnnotationConfigApplicationContext@595b007d: startup date [Mon Jul 16 07:12:48 CST 2018]; root of context hierarchy
2018-07-16 07:13:15.655  INFO 18324 --- [Thread-8] o.s.j.e.a.AnnotationMBeanExporter        : Unregistering JMX-exposed beans on shutdown
2018-07-16 07:13:15.657  INFO 18324 --- [Thread-8] o.s.j.e.a.AnnotationMBeanExporter        : Unregistering JMX-exposed beans
2018-07-16 07:13:15.663  INFO 18324 --- [Thread-8] j.LocalContainerEntityManagerFactoryBean : Closing JPA EntityManagerFactory for persistence unit 'default'
2018-07-16 07:13:15.664  INFO 18324 --- [Thread-8] com.zaxxer.hikari.HikariDataSource       : HikariPool-1 - Shutdown initiated...
2018-07-16 07:13:15.668  INFO 18324 --- [Thread-8] com.zaxxer.hikari.HikariDataSource       : HikariPool-1 - Shutdown completed.
2018-07-16 07:27:55.519  INFO 15832 --- [main] org.swdc.note.SDreamNoteApplication      : Starting SDreamNoteApplication on LAPTOP-F2TD9061 with PID 15832 (D:\Spring\SDreamNote\target\classes started by lenovo in D:\Spring\SDreamNote)
2018-07-16 07:27:55.525  INFO 15832 --- [main] org.swdc.note.SDreamNoteApplication      : No active profile set, falling back to default profiles: default
2018-07-16 07:27:55.704  INFO 15832 --- [main] s.c.a.AnnotationConfigApplicationContext : Refreshing org.springframework.context.annotation.AnnotationConfigApplicationContext@79e2c065: startup date [Mon Jul 16 07:27:55 CST 2018]; root of context hierarchy
2018-07-16 07:27:57.205  INFO 15832 --- [main] com.zaxxer.hikari.HikariDataSource       : HikariPool-1 - Starting...
2018-07-16 07:27:57.547  INFO 15832 --- [main] com.zaxxer.hikari.HikariDataSource       : HikariPool-1 - Start completed.
2018-07-16 07:27:57.617  INFO 15832 --- [main] j.LocalContainerEntityManagerFactoryBean : Building JPA container EntityManagerFactory for persistence unit 'default'
2018-07-16 07:27:57.642  INFO 15832 --- [main] o.hibernate.jpa.internal.util.LogHelper  : HHH000204: Processing PersistenceUnitInfo [
	name: default
	...]
2018-07-16 07:27:57.771  INFO 15832 --- [main] org.hibernate.Version                    : HHH000412: Hibernate Core {5.2.17.Final}
2018-07-16 07:27:57.773  INFO 15832 --- [main] org.hibernate.cfg.Environment            : HHH000206: hibernate.properties not found
2018-07-16 07:27:58.035  INFO 15832 --- [main] o.hibernate.annotations.common.Version   : HCANN000001: Hibernate Commons Annotations {5.0.1.Final}
2018-07-16 07:27:58.220  INFO 15832 --- [main] org.hibernate.dialect.Dialect            : HHH000400: Using dialect: org.hibernate.dialect.H2Dialect
2018-07-16 07:27:59.138  INFO 15832 --- [main] j.LocalContainerEntityManagerFactoryBean : Initialized JPA EntityManagerFactory for persistence unit 'default'
2018-07-16 07:28:00.165  INFO 15832 --- [main] o.h.h.i.QueryTranslatorFactoryInitiator  : HHH000397: Using ASTQueryTranslatorFactory
2018-07-16 07:28:02.637  INFO 15832 --- [main] o.s.j.e.a.AnnotationMBeanExporter        : Registering beans for JMX exposure on startup
2018-07-16 07:28:02.639  INFO 15832 --- [main] o.s.j.e.a.AnnotationMBeanExporter        : Bean with name 'dataSource' has been autodetected for JMX exposure
2018-07-16 07:28:02.645  INFO 15832 --- [main] o.s.j.e.a.AnnotationMBeanExporter        : Located MBean 'dataSource': registering with JMX server as MBean [com.zaxxer.hikari:name=dataSource,type=HikariDataSource]
2018-07-16 07:28:02.660  INFO 15832 --- [main] org.swdc.note.SDreamNoteApplication      : Started SDreamNoteApplication in 8.026 seconds (JVM running for 9.292)
2018-07-16 07:30:24.161  INFO 2984 --- [main] org.swdc.note.SDreamNoteApplication      : Starting SDreamNoteApplication on LAPTOP-F2TD9061 with PID 2984 (D:\Spring\SDreamNote\target\classes started by lenovo in D:\Spring\SDreamNote)
2018-07-16 07:30:24.201  INFO 2984 --- [main] org.swdc.note.SDreamNoteApplication      : No active profile set, falling back to default profiles: default
2018-07-16 07:30:24.439  INFO 2984 --- [main] s.c.a.AnnotationConfigApplicationContext : Refreshing org.springframework.context.annotation.AnnotationConfigApplicationContext@436813f3: startup date [Mon Jul 16 07:30:24 CST 2018]; root of context hierarchy
2018-07-16 07:30:27.029  INFO 2984 --- [main] com.zaxxer.hikari.HikariDataSource       : HikariPool-1 - Starting...
2018-07-16 07:30:31.400  INFO 2984 --- [main] com.zaxxer.hikari.HikariDataSource       : HikariPool-1 - Start completed.
2018-07-16 07:30:31.462  INFO 2984 --- [main] j.LocalContainerEntityManagerFactoryBean : Building JPA container EntityManagerFactory for persistence unit 'default'
2018-07-16 07:30:31.484  INFO 2984 --- [main] o.hibernate.jpa.internal.util.LogHelper  : HHH000204: Processing PersistenceUnitInfo [
	name: default
	...]
2018-07-16 07:30:31.576  INFO 2984 --- [main] org.hibernate.Version                    : HHH000412: Hibernate Core {5.2.17.Final}
2018-07-16 07:30:31.578  INFO 2984 --- [main] org.hibernate.cfg.Environment            : HHH000206: hibernate.properties not found
2018-07-16 07:30:31.800  INFO 2984 --- [main] o.hibernate.annotations.common.Version   : HCANN000001: Hibernate Commons Annotations {5.0.1.Final}
2018-07-16 07:30:31.961  INFO 2984 --- [main] org.hibernate.dialect.Dialect            : HHH000400: Using dialect: org.hibernate.dialect.H2Dialect
2018-07-16 07:30:32.850  INFO 2984 --- [main] j.LocalContainerEntityManagerFactoryBean : Initialized JPA EntityManagerFactory for persistence unit 'default'
2018-07-16 07:30:33.850  INFO 2984 --- [main] o.h.h.i.QueryTranslatorFactoryInitiator  : HHH000397: Using ASTQueryTranslatorFactory
2018-07-16 07:30:36.186  INFO 2984 --- [main] o.s.j.e.a.AnnotationMBeanExporter        : Registering beans for JMX exposure on startup
2018-07-16 07:30:36.188  INFO 2984 --- [main] o.s.j.e.a.AnnotationMBeanExporter        : Bean with name 'dataSource' has been autodetected for JMX exposure
2018-07-16 07:30:36.194  INFO 2984 --- [main] o.s.j.e.a.AnnotationMBeanExporter        : Located MBean 'dataSource': registering with JMX server as MBean [com.zaxxer.hikari:name=dataSource,type=HikariDataSource]
2018-07-16 07:30:36.208  INFO 2984 --- [main] org.swdc.note.SDreamNoteApplication      : Started SDreamNoteApplication in 12.61 seconds (JVM running for 13.882)
2018-07-16 07:31:13.909  INFO 10904 --- [main] org.swdc.note.SDreamNoteApplication      : Starting SDreamNoteApplication on LAPTOP-F2TD9061 with PID 10904 (D:\Spring\SDreamNote\target\classes started by lenovo in D:\Spring\SDreamNote)
2018-07-16 07:31:13.917  INFO 10904 --- [main] org.swdc.note.SDreamNoteApplication      : No active profile set, falling back to default profiles: default
2018-07-16 07:31:14.146  INFO 10904 --- [main] s.c.a.AnnotationConfigApplicationContext : Refreshing org.springframework.context.annotation.AnnotationConfigApplicationContext@16ce702d: startup date [Mon Jul 16 07:31:14 CST 2018]; root of context hierarchy
2018-07-16 07:31:15.608  INFO 10904 --- [main] com.zaxxer.hikari.HikariDataSource       : HikariPool-1 - Starting...
2018-07-16 07:31:19.979  INFO 10904 --- [main] com.zaxxer.hikari.HikariDataSource       : HikariPool-1 - Start completed.
2018-07-16 07:31:20.057  INFO 10904 --- [main] j.LocalContainerEntityManagerFactoryBean : Building JPA container EntityManagerFactory for persistence unit 'default'
2018-07-16 07:31:20.082  INFO 10904 --- [main] o.hibernate.jpa.internal.util.LogHelper  : HHH000204: Processing PersistenceUnitInfo [
	name: default
	...]
2018-07-16 07:31:20.225  INFO 10904 --- [main] org.hibernate.Version                    : HHH000412: Hibernate Core {5.2.17.Final}
2018-07-16 07:31:20.227  INFO 10904 --- [main] org.hibernate.cfg.Environment            : HHH000206: hibernate.properties not found
2018-07-16 07:31:20.484  INFO 10904 --- [main] o.hibernate.annotations.common.Version   : HCANN000001: Hibernate Commons Annotations {5.0.1.Final}
2018-07-16 07:31:20.721  INFO 10904 --- [main] org.hibernate.dialect.Dialect            : HHH000400: Using dialect: org.hibernate.dialect.H2Dialect
2018-07-16 07:31:21.857  INFO 10904 --- [main] j.LocalContainerEntityManagerFactoryBean : Initialized JPA EntityManagerFactory for persistence unit 'default'
2018-07-16 07:31:23.144  INFO 10904 --- [main] o.h.h.i.QueryTranslatorFactoryInitiator  : HHH000397: Using ASTQueryTranslatorFactory
2018-07-16 07:31:25.851  INFO 10904 --- [main] o.s.j.e.a.AnnotationMBeanExporter        : Registering beans for JMX exposure on startup
2018-07-16 07:31:25.853  INFO 10904 --- [main] o.s.j.e.a.AnnotationMBeanExporter        : Bean with name 'dataSource' has been autodetected for JMX exposure
2018-07-16 07:31:25.860  INFO 10904 --- [main] o.s.j.e.a.AnnotationMBeanExporter        : Located MBean 'dataSource': registering with JMX server as MBean [com.zaxxer.hikari:name=dataSource,type=HikariDataSource]
2018-07-16 07:31:25.879  INFO 10904 --- [main] org.swdc.note.SDreamNoteApplication      : Started SDreamNoteApplication in 12.854 seconds (JVM running for 15.303)
2018-07-16 07:33:12.696  INFO 9704 --- [main] org.swdc.note.SDreamNoteApplication      : Starting SDreamNoteApplication on LAPTOP-F2TD9061 with PID 9704 (D:\Spring\SDreamNote\target\classes started by lenovo in D:\Spring\SDreamNote)
2018-07-16 07:33:12.704  INFO 9704 --- [main] org.swdc.note.SDreamNoteApplication      : No active profile set, falling back to default profiles: default
2018-07-16 07:33:12.943  INFO 9704 --- [main] s.c.a.AnnotationConfigApplicationContext : Refreshing org.springframework.context.annotation.AnnotationConfigApplicationContext@53142455: startup date [Mon Jul 16 07:33:12 CST 2018]; root of context hierarchy
2018-07-16 07:33:14.488  INFO 9704 --- [main] com.zaxxer.hikari.HikariDataSource       : HikariPool-1 - Starting...
2018-07-16 07:33:18.950  INFO 9704 --- [main] com.zaxxer.hikari.HikariDataSource       : HikariPool-1 - Start completed.
2018-07-16 07:33:19.029  INFO 9704 --- [main] j.LocalContainerEntityManagerFactoryBean : Building JPA container EntityManagerFactory for persistence unit 'default'
2018-07-16 07:33:19.051  INFO 9704 --- [main] o.hibernate.jpa.internal.util.LogHelper  : HHH000204: Processing PersistenceUnitInfo [
	name: default
	...]
2018-07-16 07:33:19.184  INFO 9704 --- [main] org.hibernate.Version                    : HHH000412: Hibernate Core {5.2.17.Final}
2018-07-16 07:33:19.186  INFO 9704 --- [main] org.hibernate.cfg.Environment            : HHH000206: hibernate.properties not found
2018-07-16 07:33:19.441  INFO 9704 --- [main] o.hibernate.annotations.common.Version   : HCANN000001: Hibernate Commons Annotations {5.0.1.Final}
2018-07-16 07:33:19.689  INFO 9704 --- [main] org.hibernate.dialect.Dialect            : HHH000400: Using dialect: org.hibernate.dialect.H2Dialect
2018-07-16 07:33:20.826  INFO 9704 --- [main] j.LocalContainerEntityManagerFactoryBean : Initialized JPA EntityManagerFactory for persistence unit 'default'
2018-07-16 07:33:22.030  INFO 9704 --- [main] o.h.h.i.QueryTranslatorFactoryInitiator  : HHH000397: Using ASTQueryTranslatorFactory
2018-07-16 07:33:24.865  INFO 9704 --- [main] o.s.j.e.a.AnnotationMBeanExporter        : Registering beans for JMX exposure on startup
2018-07-16 07:33:24.867  INFO 9704 --- [main] o.s.j.e.a.AnnotationMBeanExporter        : Bean with name 'dataSource' has been autodetected for JMX exposure
2018-07-16 07:33:24.875  INFO 9704 --- [main] o.s.j.e.a.AnnotationMBeanExporter        : Located MBean 'dataSource': registering with JMX server as MBean [com.zaxxer.hikari:name=dataSource,type=HikariDataSource]
2018-07-16 07:33:24.895  INFO 9704 --- [main] org.swdc.note.SDreamNoteApplication      : Started SDreamNoteApplication in 13.226 seconds (JVM running for 14.799)
2018-07-16 07:35:40.055  WARN 9704 --- [HikariPool-1 housekeeper] com.zaxxer.hikari.pool.HikariPool        : HikariPool-1 - Thread starvation or clock leap detected (housekeeper delta=2m21s7ms180µs364ns).
2018-07-16 07:39:30.994  INFO 10812 --- [main] org.swdc.note.SDreamNoteApplication      : Starting SDreamNoteApplication on LAPTOP-F2TD9061 with PID 10812 (D:\Spring\SDreamNote\target\classes started by lenovo in D:\Spring\SDreamNote)
2018-07-16 07:39:31.001  INFO 10812 --- [main] org.swdc.note.SDreamNoteApplication      : No active profile set, falling back to default profiles: default
2018-07-16 07:39:31.093  INFO 10812 --- [main] s.c.a.AnnotationConfigApplicationContext : Refreshing org.springframework.context.annotation.AnnotationConfigApplicationContext@131774fe: startup date [Mon Jul 16 07:39:31 CST 2018]; root of context hierarchy
2018-07-16 07:39:33.164  INFO 10812 --- [main] com.zaxxer.hikari.HikariDataSource       : HikariPool-1 - Starting...
2018-07-16 07:39:33.615  INFO 10812 --- [main] com.zaxxer.hikari.HikariDataSource       : HikariPool-1 - Start completed.
2018-07-16 07:39:33.720  INFO 10812 --- [main] j.LocalContainerEntityManagerFactoryBean : Building JPA container EntityManagerFactory for persistence unit 'default'
2018-07-16 07:39:33.754  INFO 10812 --- [main] o.hibernate.jpa.internal.util.LogHelper  : HHH000204: Processing PersistenceUnitInfo [
	name: default
	...]
2018-07-16 07:39:33.881  INFO 10812 --- [main] org.hibernate.Version                    : HHH000412: Hibernate Core {5.2.17.Final}
2018-07-16 07:39:33.883  INFO 10812 --- [main] org.hibernate.cfg.Environment            : HHH000206: hibernate.properties not found
2018-07-16 07:39:34.140  INFO 10812 --- [main] o.hibernate.annotations.common.Version   : HCANN000001: Hibernate Commons Annotations {5.0.1.Final}
2018-07-16 07:39:34.390  INFO 10812 --- [main] org.hibernate.dialect.Dialect            : HHH000400: Using dialect: org.hibernate.dialect.H2Dialect
2018-07-16 07:39:35.337  INFO 10812 --- [main] j.LocalContainerEntityManagerFactoryBean : Initialized JPA EntityManagerFactory for persistence unit 'default'
2018-07-16 07:39:36.614  INFO 10812 --- [main] o.h.h.i.QueryTranslatorFactoryInitiator  : HHH000397: Using ASTQueryTranslatorFactory
2018-07-16 07:39:39.076  INFO 10812 --- [main] o.s.j.e.a.AnnotationMBeanExporter        : Registering beans for JMX exposure on startup
2018-07-16 07:39:39.078  INFO 10812 --- [main] o.s.j.e.a.AnnotationMBeanExporter        : Bean with name 'dataSource' has been autodetected for JMX exposure
2018-07-16 07:39:39.083  INFO 10812 --- [main] o.s.j.e.a.AnnotationMBeanExporter        : Located MBean 'dataSource': registering with JMX server as MBean [com.zaxxer.hikari:name=dataSource,type=HikariDataSource]
2018-07-16 07:39:39.099  INFO 10812 --- [main] org.swdc.note.SDreamNoteApplication      : Started SDreamNoteApplication in 8.684 seconds (JVM running for 9.962)
2018-07-16 07:41:05.794  INFO 3964 --- [main] org.swdc.note.SDreamNoteApplication      : Starting SDreamNoteApplication on LAPTOP-F2TD9061 with PID 3964 (D:\Spring\SDreamNote\target\classes started by lenovo in D:\Spring\SDreamNote)
2018-07-16 07:41:05.800  INFO 3964 --- [main] org.swdc.note.SDreamNoteApplication      : No active profile set, falling back to default profiles: default
2018-07-16 07:41:05.971  INFO 3964 --- [main] s.c.a.AnnotationConfigApplicationContext : Refreshing org.springframework.context.annotation.AnnotationConfigApplicationContext@564fabc8: startup date [Mon Jul 16 07:41:05 CST 2018]; root of context hierarchy
2018-07-16 07:41:07.826  INFO 3964 --- [main] com.zaxxer.hikari.HikariDataSource       : HikariPool-1 - Starting...
2018-07-16 07:41:12.153  INFO 3964 --- [main] com.zaxxer.hikari.HikariDataSource       : HikariPool-1 - Start completed.
2018-07-16 07:41:12.226  INFO 3964 --- [main] j.LocalContainerEntityManagerFactoryBean : Building JPA container EntityManagerFactory for persistence unit 'default'
2018-07-16 07:41:12.250  INFO 3964 --- [main] o.hibernate.jpa.internal.util.LogHelper  : HHH000204: Processing PersistenceUnitInfo [
	name: default
	...]
2018-07-16 07:41:12.366  INFO 3964 --- [main] org.hibernate.Version                    : HHH000412: Hibernate Core {5.2.17.Final}
2018-07-16 07:41:12.368  INFO 3964 --- [main] org.hibernate.cfg.Environment            : HHH000206: hibernate.properties not found
2018-07-16 07:41:12.610  INFO 3964 --- [main] o.hibernate.annotations.common.Version   : HCANN000001: Hibernate Commons Annotations {5.0.1.Final}
2018-07-16 07:41:12.810  INFO 3964 --- [main] org.hibernate.dialect.Dialect            : HHH000400: Using dialect: org.hibernate.dialect.H2Dialect
2018-07-16 07:41:28.287  INFO 16284 --- [main] org.swdc.note.SDreamNoteApplication      : Starting SDreamNoteApplication on LAPTOP-F2TD9061 with PID 16284 (D:\Spring\SDreamNote\target\classes started by lenovo in D:\Spring\SDreamNote)
2018-07-16 07:41:28.292  INFO 16284 --- [main] org.swdc.note.SDreamNoteApplication      : No active profile set, falling back to default profiles: default
2018-07-16 07:41:28.432  INFO 16284 --- [main] s.c.a.AnnotationConfigApplicationContext : Refreshing org.springframework.context.annotation.AnnotationConfigApplicationContext@1a482e36: startup date [Mon Jul 16 07:41:28 CST 2018]; root of context hierarchy
2018-07-16 07:41:30.001  INFO 16284 --- [main] com.zaxxer.hikari.HikariDataSource       : HikariPool-1 - Starting...
2018-07-16 07:41:30.393  INFO 16284 --- [main] com.zaxxer.hikari.HikariDataSource       : HikariPool-1 - Start completed.
2018-07-16 07:41:30.471  INFO 16284 --- [main] j.LocalContainerEntityManagerFactoryBean : Building JPA container EntityManagerFactory for persistence unit 'default'
2018-07-16 07:41:30.503  INFO 16284 --- [main] o.hibernate.jpa.internal.util.LogHelper  : HHH000204: Processing PersistenceUnitInfo [
	name: default
	...]
2018-07-16 07:41:30.658  INFO 16284 --- [main] org.hibernate.Version                    : HHH000412: Hibernate Core {5.2.17.Final}
2018-07-16 07:41:30.660  INFO 16284 --- [main] org.hibernate.cfg.Environment            : HHH000206: hibernate.properties not found
2018-07-16 07:41:30.920  INFO 16284 --- [main] o.hibernate.annotations.common.Version   : HCANN000001: Hibernate Commons Annotations {5.0.1.Final}
2018-07-16 07:41:31.130  INFO 16284 --- [main] org.hibernate.dialect.Dialect            : HHH000400: Using dialect: org.hibernate.dialect.H2Dialect
2018-07-16 07:41:31.963  INFO 16284 --- [main] j.LocalContainerEntityManagerFactoryBean : Initialized JPA EntityManagerFactory for persistence unit 'default'
2018-07-16 07:41:32.968  INFO 16284 --- [main] o.h.h.i.QueryTranslatorFactoryInitiator  : HHH000397: Using ASTQueryTranslatorFactory
2018-07-16 07:41:36.008  INFO 16284 --- [main] o.s.j.e.a.AnnotationMBeanExporter        : Registering beans for JMX exposure on startup
2018-07-16 07:41:36.010  INFO 16284 --- [main] o.s.j.e.a.AnnotationMBeanExporter        : Bean with name 'dataSource' has been autodetected for JMX exposure
2018-07-16 07:41:36.015  INFO 16284 --- [main] o.s.j.e.a.AnnotationMBeanExporter        : Located MBean 'dataSource': registering with JMX server as MBean [com.zaxxer.hikari:name=dataSource,type=HikariDataSource]
2018-07-16 07:41:36.031  INFO 16284 --- [main] org.swdc.note.SDreamNoteApplication      : Started SDreamNoteApplication in 8.576 seconds (JVM running for 9.879)
2018-07-16 07:47:59.656  INFO 17496 --- [main] org.swdc.note.SDreamNoteApplication      : Starting SDreamNoteApplication on LAPTOP-F2TD9061 with PID 17496 (D:\Spring\SDreamNote\target\classes started by lenovo in D:\Spring\SDreamNote)
2018-07-16 07:47:59.664  INFO 17496 --- [main] org.swdc.note.SDreamNoteApplication      : No active profile set, falling back to default profiles: default
2018-07-16 07:47:59.806  INFO 17496 --- [main] s.c.a.AnnotationConfigApplicationContext : Refreshing org.springframework.context.annotation.AnnotationConfigApplicationContext@4efbca5a: startup date [Mon Jul 16 07:47:59 CST 2018]; root of context hierarchy
2018-07-16 07:48:01.210  INFO 17496 --- [main] com.zaxxer.hikari.HikariDataSource       : HikariPool-1 - Starting...
2018-07-16 07:48:05.643  INFO 17496 --- [main] com.zaxxer.hikari.HikariDataSource       : HikariPool-1 - Start completed.
2018-07-16 07:48:05.705  INFO 17496 --- [main] j.LocalContainerEntityManagerFactoryBean : Building JPA container EntityManagerFactory for persistence unit 'default'
2018-07-16 07:48:05.724  INFO 17496 --- [main] o.hibernate.jpa.internal.util.LogHelper  : HHH000204: Processing PersistenceUnitInfo [
	name: default
	...]
2018-07-16 07:48:05.813  INFO 17496 --- [main] org.hibernate.Version                    : HHH000412: Hibernate Core {5.2.17.Final}
2018-07-16 07:48:05.815  INFO 17496 --- [main] org.hibernate.cfg.Environment            : HHH000206: hibernate.properties not found
2018-07-16 07:48:06.070  INFO 17496 --- [main] o.hibernate.annotations.common.Version   : HCANN000001: Hibernate Commons Annotations {5.0.1.Final}
2018-07-16 07:48:06.241  INFO 17496 --- [main] org.hibernate.dialect.Dialect            : HHH000400: Using dialect: org.hibernate.dialect.H2Dialect
2018-07-16 07:48:07.143  INFO 17496 --- [main] j.LocalContainerEntityManagerFactoryBean : Initialized JPA EntityManagerFactory for persistence unit 'default'
2018-07-16 07:48:08.269  INFO 17496 --- [main] o.h.h.i.QueryTranslatorFactoryInitiator  : HHH000397: Using ASTQueryTranslatorFactory
2018-07-16 07:48:10.558  INFO 17496 --- [main] o.s.j.e.a.AnnotationMBeanExporter        : Registering beans for JMX exposure on startup
2018-07-16 07:48:10.560  INFO 17496 --- [main] o.s.j.e.a.AnnotationMBeanExporter        : Bean with name 'dataSource' has been autodetected for JMX exposure
2018-07-16 07:48:10.566  INFO 17496 --- [main] o.s.j.e.a.AnnotationMBeanExporter        : Located MBean 'dataSource': registering with JMX server as MBean [com.zaxxer.hikari:name=dataSource,type=HikariDataSource]
2018-07-16 07:48:10.578  INFO 17496 --- [main] org.swdc.note.SDreamNoteApplication      : Started SDreamNoteApplication in 12.063 seconds (JVM running for 13.265)
2018-07-16 07:49:32.969  INFO 8500 --- [main] org.swdc.note.SDreamNoteApplication      : Starting SDreamNoteApplication on LAPTOP-F2TD9061 with PID 8500 (D:\Spring\SDreamNote\target\classes started by lenovo in D:\Spring\SDreamNote)
2018-07-16 07:49:32.978  INFO 8500 --- [main] org.swdc.note.SDreamNoteApplication      : No active profile set, falling back to default profiles: default
2018-07-16 07:49:33.095  INFO 8500 --- [main] s.c.a.AnnotationConfigApplicationContext : Refreshing org.springframework.context.annotation.AnnotationConfigApplicationContext@8692d67: startup date [Mon Jul 16 07:49:33 CST 2018]; root of context hierarchy
2018-07-16 07:49:34.697  INFO 8500 --- [main] com.zaxxer.hikari.HikariDataSource       : HikariPool-1 - Starting...
2018-07-16 07:49:39.106  INFO 8500 --- [main] com.zaxxer.hikari.HikariDataSource       : HikariPool-1 - Start completed.
2018-07-16 07:49:39.180  INFO 8500 --- [main] j.LocalContainerEntityManagerFactoryBean : Building JPA container EntityManagerFactory for persistence unit 'default'
2018-07-16 07:49:39.202  INFO 8500 --- [main] o.hibernate.jpa.internal.util.LogHelper  : HHH000204: Processing PersistenceUnitInfo [
	name: default
	...]
2018-07-16 07:49:39.331  INFO 8500 --- [main] org.hibernate.Version                    : HHH000412: Hibernate Core {5.2.17.Final}
2018-07-16 07:49:39.332  INFO 8500 --- [main] org.hibernate.cfg.Environment            : HHH000206: hibernate.properties not found
2018-07-16 07:49:39.588  INFO 8500 --- [main] o.hibernate.annotations.common.Version   : HCANN000001: Hibernate Commons Annotations {5.0.1.Final}
2018-07-16 07:49:39.812  INFO 8500 --- [main] org.hibernate.dialect.Dialect            : HHH000400: Using dialect: org.hibernate.dialect.H2Dialect
2018-07-16 07:49:40.858  INFO 8500 --- [main] j.LocalContainerEntityManagerFactoryBean : Initialized JPA EntityManagerFactory for persistence unit 'default'
2018-07-16 07:49:42.086  INFO 8500 --- [main] o.h.h.i.QueryTranslatorFactoryInitiator  : HHH000397: Using ASTQueryTranslatorFactory
2018-07-16 07:49:44.675  INFO 8500 --- [main] o.s.j.e.a.AnnotationMBeanExporter        : Registering beans for JMX exposure on startup
2018-07-16 07:49:44.677  INFO 8500 --- [main] o.s.j.e.a.AnnotationMBeanExporter        : Bean with name 'dataSource' has been autodetected for JMX exposure
2018-07-16 07:49:44.683  INFO 8500 --- [main] o.s.j.e.a.AnnotationMBeanExporter        : Located MBean 'dataSource': registering with JMX server as MBean [com.zaxxer.hikari:name=dataSource,type=HikariDataSource]
2018-07-16 07:49:44.703  INFO 8500 --- [main] org.swdc.note.SDreamNoteApplication      : Started SDreamNoteApplication in 12.891 seconds (JVM running for 14.313)
2018-07-16 07:50:26.167  WARN 8500 --- [HikariPool-1 housekeeper] com.zaxxer.hikari.pool.HikariPool        : HikariPool-1 - Thread starvation or clock leap detected (housekeeper delta=46s959ms883µs144ns).
2018-07-16 07:53:06.360  INFO 11776 --- [main] org.swdc.note.SDreamNoteApplication      : Starting SDreamNoteApplication on LAPTOP-F2TD9061 with PID 11776 (D:\Spring\SDreamNote\target\classes started by lenovo in D:\Spring\SDreamNote)
2018-07-16 07:53:06.366  INFO 11776 --- [main] org.swdc.note.SDreamNoteApplication      : No active profile set, falling back to default profiles: default
2018-07-16 07:53:06.567  INFO 11776 --- [main] s.c.a.AnnotationConfigApplicationContext : Refreshing org.springframework.context.annotation.AnnotationConfigApplicationContext@1d2adfbe: startup date [Mon Jul 16 07:53:06 CST 2018]; root of context hierarchy
2018-07-16 07:53:08.307  INFO 11776 --- [main] com.zaxxer.hikari.HikariDataSource       : HikariPool-1 - Starting...
2018-07-16 07:53:12.636  INFO 11776 --- [main] com.zaxxer.hikari.HikariDataSource       : HikariPool-1 - Start completed.
2018-07-16 07:53:12.709  INFO 11776 --- [main] j.LocalContainerEntityManagerFactoryBean : Building JPA container EntityManagerFactory for persistence unit 'default'
2018-07-16 07:53:12.733  INFO 11776 --- [main] o.hibernate.jpa.internal.util.LogHelper  : HHH000204: Processing PersistenceUnitInfo [
	name: default
	...]
2018-07-16 07:53:12.824  INFO 11776 --- [main] org.hibernate.Version                    : HHH000412: Hibernate Core {5.2.17.Final}
2018-07-16 07:53:12.826  INFO 11776 --- [main] org.hibernate.cfg.Environment            : HHH000206: hibernate.properties not found
2018-07-16 07:53:13.059  INFO 11776 --- [main] o.hibernate.annotations.common.Version   : HCANN000001: Hibernate Commons Annotations {5.0.1.Final}
2018-07-16 07:53:13.221  INFO 11776 --- [main] org.hibernate.dialect.Dialect            : HHH000400: Using dialect: org.hibernate.dialect.H2Dialect
2018-07-16 07:53:14.054  INFO 11776 --- [main] j.LocalContainerEntityManagerFactoryBean : Initialized JPA EntityManagerFactory for persistence unit 'default'
2018-07-16 07:53:15.079  INFO 11776 --- [main] o.h.h.i.QueryTranslatorFactoryInitiator  : HHH000397: Using ASTQueryTranslatorFactory
2018-07-16 07:53:17.527  INFO 11776 --- [main] o.s.j.e.a.AnnotationMBeanExporter        : Registering beans for JMX exposure on startup
2018-07-16 07:53:17.529  INFO 11776 --- [main] o.s.j.e.a.AnnotationMBeanExporter        : Bean with name 'dataSource' has been autodetected for JMX exposure
2018-07-16 07:53:17.535  INFO 11776 --- [main] o.s.j.e.a.AnnotationMBeanExporter        : Located MBean 'dataSource': registering with JMX server as MBean [com.zaxxer.hikari:name=dataSource,type=HikariDataSource]
2018-07-16 07:53:17.551  INFO 11776 --- [main] org.swdc.note.SDreamNoteApplication      : Started SDreamNoteApplication in 11.783 seconds (JVM running for 13.095)
2018-07-16 07:54:22.112  INFO 14512 --- [main] org.swdc.note.SDreamNoteApplication      : Starting SDreamNoteApplication on LAPTOP-F2TD9061 with PID 14512 (D:\Spring\SDreamNote\target\classes started by lenovo in D:\Spring\SDreamNote)
2018-07-16 07:54:22.122  INFO 14512 --- [main] org.swdc.note.SDreamNoteApplication      : No active profile set, falling back to default profiles: default
2018-07-16 07:54:22.344  INFO 14512 --- [main] s.c.a.AnnotationConfigApplicationContext : Refreshing org.springframework.context.annotation.AnnotationConfigApplicationContext@2b662a77: startup date [Mon Jul 16 07:54:22 CST 2018]; root of context hierarchy
2018-07-16 07:54:23.943  INFO 14512 --- [main] com.zaxxer.hikari.HikariDataSource       : HikariPool-1 - Starting...
2018-07-16 07:54:28.293  INFO 14512 --- [main] com.zaxxer.hikari.HikariDataSource       : HikariPool-1 - Start completed.
2018-07-16 07:54:28.375  INFO 14512 --- [main] j.LocalContainerEntityManagerFactoryBean : Building JPA container EntityManagerFactory for persistence unit 'default'
2018-07-16 07:54:28.404  INFO 14512 --- [main] o.hibernate.jpa.internal.util.LogHelper  : HHH000204: Processing PersistenceUnitInfo [
	name: default
	...]
2018-07-16 07:54:28.517  INFO 14512 --- [main] org.hibernate.Version                    : HHH000412: Hibernate Core {5.2.17.Final}
2018-07-16 07:54:28.519  INFO 14512 --- [main] org.hibernate.cfg.Environment            : HHH000206: hibernate.properties not found
2018-07-16 07:54:28.805  INFO 14512 --- [main] o.hibernate.annotations.common.Version   : HCANN000001: Hibernate Commons Annotations {5.0.1.Final}
2018-07-16 07:54:28.992  INFO 14512 --- [main] org.hibernate.dialect.Dialect            : HHH000400: Using dialect: org.hibernate.dialect.H2Dialect
2018-07-16 07:54:29.829  INFO 14512 --- [main] j.LocalContainerEntityManagerFactoryBean : Initialized JPA EntityManagerFactory for persistence unit 'default'
2018-07-16 07:54:30.830  INFO 14512 --- [main] o.h.h.i.QueryTranslatorFactoryInitiator  : HHH000397: Using ASTQueryTranslatorFactory
2018-07-16 07:54:32.846  WARN 14512 --- [main] s.c.a.AnnotationConfigApplicationContext : Exception encountered during context initialization - cancelling refresh attempt: org.springframework.beans.factory.UnsatisfiedDependencyException: Error creating bean with name 'SDreamNoteApplication': Unsatisfied dependency expressed through field 'startForm'; nested exception is org.springframework.beans.factory.UnsatisfiedDependencyException: Error creating bean with name 'startForm': Unsatisfied dependency expressed through field 'westPane'; nested exception is org.springframework.beans.factory.BeanCreationException: Error creating bean with name 'SWestPane': Invocation of init method failed; nested exception is org.hibernate.LazyInitializationException: failed to lazily initialize a collection of role: org.swdc.note.entity.ClipsType.artles, could not initialize proxy - no Session
2018-07-16 07:54:32.848  INFO 14512 --- [main] j.LocalContainerEntityManagerFactoryBean : Closing JPA EntityManagerFactory for persistence unit 'default'
2018-07-16 07:54:32.848  INFO 14512 --- [main] com.zaxxer.hikari.HikariDataSource       : HikariPool-1 - Shutdown initiated...
2018-07-16 07:54:32.853  INFO 14512 --- [main] com.zaxxer.hikari.HikariDataSource       : HikariPool-1 - Shutdown completed.
2018-07-16 07:54:32.863  INFO 14512 --- [main] ConditionEvaluationReportLoggingListener : 

Error starting ApplicationContext. To display the conditions report re-run your application with 'debug' enabled.
2018-07-16 07:54:32.913 ERROR 14512 --- [main] o.s.boot.SpringApplication               : Application run failed

org.springframework.beans.factory.UnsatisfiedDependencyException: Error creating bean with name 'SDreamNoteApplication': Unsatisfied dependency expressed through field 'startForm'; nested exception is org.springframework.beans.factory.UnsatisfiedDependencyException: Error creating bean with name 'startForm': Unsatisfied dependency expressed through field 'westPane'; nested exception is org.springframework.beans.factory.BeanCreationException: Error creating bean with name 'SWestPane': Invocation of init method failed; nested exception is org.hibernate.LazyInitializationException: failed to lazily initialize a collection of role: org.swdc.note.entity.ClipsType.artles, could not initialize proxy - no Session
	at org.springframework.beans.factory.annotation.AutowiredAnnotationBeanPostProcessor$AutowiredFieldElement.inject(AutowiredAnnotationBeanPostProcessor.java:587) ~[spring-beans-5.0.7.RELEASE.jar:5.0.7.RELEASE]
	at org.springframework.beans.factory.annotation.InjectionMetadata.inject(InjectionMetadata.java:91) ~[spring-beans-5.0.7.RELEASE.jar:5.0.7.RELEASE]
	at org.springframework.beans.factory.annotation.AutowiredAnnotationBeanPostProcessor.postProcessPropertyValues(AutowiredAnnotationBeanPostProcessor.java:373) ~[spring-beans-5.0.7.RELEASE.jar:5.0.7.RELEASE]
	at org.springframework.beans.factory.support.AbstractAutowireCapableBeanFactory.populateBean(AbstractAutowireCapableBeanFactory.java:1350) ~[spring-beans-5.0.7.RELEASE.jar:5.0.7.RELEASE]
	at org.springframework.beans.factory.support.AbstractAutowireCapableBeanFactory.doCreateBean(AbstractAutowireCapableBeanFactory.java:580) ~[spring-beans-5.0.7.RELEASE.jar:5.0.7.RELEASE]
	at org.springframework.beans.factory.support.AbstractAutowireCapableBeanFactory.createBean(AbstractAutowireCapableBeanFactory.java:503) ~[spring-beans-5.0.7.RELEASE.jar:5.0.7.RELEASE]
	at org.springframework.beans.factory.support.AbstractBeanFactory.lambda$doGetBean$0(AbstractBeanFactory.java:317) ~[spring-beans-5.0.7.RELEASE.jar:5.0.7.RELEASE]
	at org.springframework.beans.factory.support.DefaultSingletonBeanRegistry.getSingleton(DefaultSingletonBeanRegistry.java:222) ~[spring-beans-5.0.7.RELEASE.jar:5.0.7.RELEASE]
	at org.springframework.beans.factory.support.AbstractBeanFactory.doGetBean(AbstractBeanFactory.java:315) ~[spring-beans-5.0.7.RELEASE.jar:5.0.7.RELEASE]
	at org.springframework.beans.factory.support.AbstractBeanFactory.getBean(AbstractBeanFactory.java:199) ~[spring-beans-5.0.7.RELEASE.jar:5.0.7.RELEASE]
	at org.springframework.beans.factory.support.DefaultListableBeanFactory.preInstantiateSingletons(DefaultListableBeanFactory.java:760) ~[spring-beans-5.0.7.RELEASE.jar:5.0.7.RELEASE]
	at org.springframework.context.support.AbstractApplicationContext.finishBeanFactoryInitialization(AbstractApplicationContext.java:869) ~[spring-context-5.0.7.RELEASE.jar:5.0.7.RELEASE]
	at org.springframework.context.support.AbstractApplicationContext.refresh(AbstractApplicationContext.java:550) ~[spring-context-5.0.7.RELEASE.jar:5.0.7.RELEASE]
	at org.springframework.boot.SpringApplication.refresh(SpringApplication.java:759) ~[spring-boot-2.0.3.RELEASE.jar:2.0.3.RELEASE]
	at org.springframework.boot.SpringApplication.refreshContext(SpringApplication.java:395) ~[spring-boot-2.0.3.RELEASE.jar:2.0.3.RELEASE]
	at org.springframework.boot.SpringApplication.run(SpringApplication.java:327) ~[spring-boot-2.0.3.RELEASE.jar:2.0.3.RELEASE]
	at org.springframework.boot.builder.SpringApplicationBuilder.run(SpringApplicationBuilder.java:137) [spring-boot-2.0.3.RELEASE.jar:2.0.3.RELEASE]
	at org.swdc.note.SDreamNoteApplication.main(SDreamNoteApplication.java:34) [classes/:na]
	at sun.reflect.NativeMethodAccessorImpl.invoke0(Native Method) ~[na:1.8.0_121]
	at sun.reflect.NativeMethodAccessorImpl.invoke(NativeMethodAccessorImpl.java:62) ~[na:1.8.0_121]
	at sun.reflect.DelegatingMethodAccessorImpl.invoke(DelegatingMethodAccessorImpl.java:43) ~[na:1.8.0_121]
	at java.lang.reflect.Method.invoke(Method.java:498) ~[na:1.8.0_121]
	at com.intellij.rt.execution.application.AppMain.main(AppMain.java:144) [idea_rt.jar:na]
Caused by: org.springframework.beans.factory.UnsatisfiedDependencyException: Error creating bean with name 'startForm': Unsatisfied dependency expressed through field 'westPane'; nested exception is org.springframework.beans.factory.BeanCreationException: Error creating bean with name 'SWestPane': Invocation of init method failed; nested exception is org.hibernate.LazyInitializationException: failed to lazily initialize a collection of role: org.swdc.note.entity.ClipsType.artles, could not initialize proxy - no Session
	at org.springframework.beans.factory.annotation.AutowiredAnnotationBeanPostProcessor$AutowiredFieldElement.inject(AutowiredAnnotationBeanPostProcessor.java:587) ~[spring-beans-5.0.7.RELEASE.jar:5.0.7.RELEASE]
	at org.springframework.beans.factory.annotation.InjectionMetadata.inject(InjectionMetadata.java:91) ~[spring-beans-5.0.7.RELEASE.jar:5.0.7.RELEASE]
	at org.springframework.beans.factory.annotation.AutowiredAnnotationBeanPostProcessor.postProcessPropertyValues(AutowiredAnnotationBeanPostProcessor.java:373) ~[spring-beans-5.0.7.RELEASE.jar:5.0.7.RELEASE]
	at org.springframework.beans.factory.support.AbstractAutowireCapableBeanFactory.populateBean(AbstractAutowireCapableBeanFactory.java:1350) ~[spring-beans-5.0.7.RELEASE.jar:5.0.7.RELEASE]
	at org.springframework.beans.factory.support.AbstractAutowireCapableBeanFactory.doCreateBean(AbstractAutowireCapableBeanFactory.java:580) ~[spring-beans-5.0.7.RELEASE.jar:5.0.7.RELEASE]
	at org.springframework.beans.factory.support.AbstractAutowireCapableBeanFactory.createBean(AbstractAutowireCapableBeanFactory.java:503) ~[spring-beans-5.0.7.RELEASE.jar:5.0.7.RELEASE]
	at org.springframework.beans.factory.support.AbstractBeanFactory.lambda$doGetBean$0(AbstractBeanFactory.java:317) ~[spring-beans-5.0.7.RELEASE.jar:5.0.7.RELEASE]
	at org.springframework.beans.factory.support.DefaultSingletonBeanRegistry.getSingleton(DefaultSingletonBeanRegistry.java:222) ~[spring-beans-5.0.7.RELEASE.jar:5.0.7.RELEASE]
	at org.springframework.beans.factory.support.AbstractBeanFactory.doGetBean(AbstractBeanFactory.java:315) ~[spring-beans-5.0.7.RELEASE.jar:5.0.7.RELEASE]
	at org.springframework.beans.factory.support.AbstractBeanFactory.getBean(AbstractBeanFactory.java:199) ~[spring-beans-5.0.7.RELEASE.jar:5.0.7.RELEASE]
	at org.springframework.beans.factory.config.DependencyDescriptor.resolveCandidate(DependencyDescriptor.java:251) ~[spring-beans-5.0.7.RELEASE.jar:5.0.7.RELEASE]
	at org.springframework.beans.factory.support.DefaultListableBeanFactory.doResolveDependency(DefaultListableBeanFactory.java:1138) ~[spring-beans-5.0.7.RELEASE.jar:5.0.7.RELEASE]
	at org.springframework.beans.factory.support.DefaultListableBeanFactory.resolveDependency(DefaultListableBeanFactory.java:1065) ~[spring-beans-5.0.7.RELEASE.jar:5.0.7.RELEASE]
	at org.springframework.beans.factory.annotation.AutowiredAnnotationBeanPostProcessor$AutowiredFieldElement.inject(AutowiredAnnotationBeanPostProcessor.java:584) ~[spring-beans-5.0.7.RELEASE.jar:5.0.7.RELEASE]
	... 22 common frames omitted
Caused by: org.springframework.beans.factory.BeanCreationException: Error creating bean with name 'SWestPane': Invocation of init method failed; nested exception is org.hibernate.LazyInitializationException: failed to lazily initialize a collection of role: org.swdc.note.entity.ClipsType.artles, could not initialize proxy - no Session
	at org.springframework.beans.factory.annotation.InitDestroyAnnotationBeanPostProcessor.postProcessBeforeInitialization(InitDestroyAnnotationBeanPostProcessor.java:138) ~[spring-beans-5.0.7.RELEASE.jar:5.0.7.RELEASE]
	at org.springframework.beans.factory.support.AbstractAutowireCapableBeanFactory.applyBeanPostProcessorsBeforeInitialization(AbstractAutowireCapableBeanFactory.java:424) ~[spring-beans-5.0.7.RELEASE.jar:5.0.7.RELEASE]
	at org.springframework.beans.factory.support.AbstractAutowireCapableBeanFactory.initializeBean(AbstractAutowireCapableBeanFactory.java:1700) ~[spring-beans-5.0.7.RELEASE.jar:5.0.7.RELEASE]
	at org.springframework.beans.factory.support.AbstractAutowireCapableBeanFactory.doCreateBean(AbstractAutowireCapableBeanFactory.java:581) ~[spring-beans-5.0.7.RELEASE.jar:5.0.7.RELEASE]
	at org.springframework.beans.factory.support.AbstractAutowireCapableBeanFactory.createBean(AbstractAutowireCapableBeanFactory.java:503) ~[spring-beans-5.0.7.RELEASE.jar:5.0.7.RELEASE]
	at org.springframework.beans.factory.support.AbstractBeanFactory.lambda$doGetBean$0(AbstractBeanFactory.java:317) ~[spring-beans-5.0.7.RELEASE.jar:5.0.7.RELEASE]
	at org.springframework.beans.factory.support.DefaultSingletonBeanRegistry.getSingleton(DefaultSingletonBeanRegistry.java:222) ~[spring-beans-5.0.7.RELEASE.jar:5.0.7.RELEASE]
	at org.springframework.beans.factory.support.AbstractBeanFactory.doGetBean(AbstractBeanFactory.java:315) ~[spring-beans-5.0.7.RELEASE.jar:5.0.7.RELEASE]
	at org.springframework.beans.factory.support.AbstractBeanFactory.getBean(AbstractBeanFactory.java:199) ~[spring-beans-5.0.7.RELEASE.jar:5.0.7.RELEASE]
	at org.springframework.beans.factory.config.DependencyDescriptor.resolveCandidate(DependencyDescriptor.java:251) ~[spring-beans-5.0.7.RELEASE.jar:5.0.7.RELEASE]
	at org.springframework.beans.factory.support.DefaultListableBeanFactory.doResolveDependency(DefaultListableBeanFactory.java:1138) ~[spring-beans-5.0.7.RELEASE.jar:5.0.7.RELEASE]
	at org.springframework.beans.factory.support.DefaultListableBeanFactory.resolveDependency(DefaultListableBeanFactory.java:1065) ~[spring-beans-5.0.7.RELEASE.jar:5.0.7.RELEASE]
	at org.springframework.beans.factory.annotation.AutowiredAnnotationBeanPostProcessor$AutowiredFieldElement.inject(AutowiredAnnotationBeanPostProcessor.java:584) ~[spring-beans-5.0.7.RELEASE.jar:5.0.7.RELEASE]
	... 35 common frames omitted
Caused by: org.hibernate.LazyInitializationException: failed to lazily initialize a collection of role: org.swdc.note.entity.ClipsType.artles, could not initialize proxy - no Session
	at org.hibernate.collection.internal.AbstractPersistentCollection.throwLazyInitializationException(AbstractPersistentCollection.java:582) ~[hibernate-core-5.2.17.Final.jar:5.2.17.Final]
	at org.hibernate.collection.internal.AbstractPersistentCollection.withTemporarySessionIfNeeded(AbstractPersistentCollection.java:201) ~[hibernate-core-5.2.17.Final.jar:5.2.17.Final]
	at org.hibernate.collection.internal.AbstractPersistentCollection.initialize(AbstractPersistentCollection.java:561) ~[hibernate-core-5.2.17.Final.jar:5.2.17.Final]
	at org.hibernate.collection.internal.AbstractPersistentCollection.read(AbstractPersistentCollection.java:132) ~[hibernate-core-5.2.17.Final.jar:5.2.17.Final]
	at org.hibernate.collection.internal.PersistentBag.iterator(PersistentBag.java:277) ~[hibernate-core-5.2.17.Final.jar:5.2.17.Final]
	at java.util.Spliterators$IteratorSpliterator.estimateSize(Spliterators.java:1821) ~[na:1.8.0_121]
	at java.util.Spliterator.getExactSizeIfKnown(Spliterator.java:408) ~[na:1.8.0_121]
	at java.util.stream.AbstractPipeline.copyInto(AbstractPipeline.java:480) ~[na:1.8.0_121]
	at java.util.stream.AbstractPipeline.wrapAndCopyInto(AbstractPipeline.java:471) ~[na:1.8.0_121]
	at java.util.stream.ForEachOps$ForEachOp.evaluateSequential(ForEachOps.java:151) ~[na:1.8.0_121]
	at java.util.stream.ForEachOps$ForEachOp$OfRef.evaluateSequential(ForEachOps.java:174) ~[na:1.8.0_121]
	at java.util.stream.AbstractPipeline.evaluate(AbstractPipeline.java:234) ~[na:1.8.0_121]
	at java.util.stream.ReferencePipeline.forEach(ReferencePipeline.java:418) ~[na:1.8.0_121]
	at org.swdc.note.service.ClipsService.lambda$getClipTree$5(ClipsService.java:54) ~[classes/:na]
	at java.util.stream.ForEachOps$ForEachOp$OfRef.accept(ForEachOps.java:184) ~[na:1.8.0_121]
	at java.util.stream.ReferencePipeline$3$1.accept(ReferencePipeline.java:193) ~[na:1.8.0_121]
	at java.util.ArrayList$ArrayListSpliterator.forEachRemaining(ArrayList.java:1374) ~[na:1.8.0_121]
	at java.util.stream.AbstractPipeline.copyInto(AbstractPipeline.java:481) ~[na:1.8.0_121]
	at java.util.stream.AbstractPipeline.wrapAndCopyInto(AbstractPipeline.java:471) ~[na:1.8.0_121]
	at java.util.stream.ForEachOps$ForEachOp.evaluateSequential(ForEachOps.java:151) ~[na:1.8.0_121]
	at java.util.stream.ForEachOps$ForEachOp$OfRef.evaluateSequential(ForEachOps.java:174) ~[na:1.8.0_121]
	at java.util.stream.AbstractPipeline.evaluate(AbstractPipeline.java:234) ~[na:1.8.0_121]
	at java.util.stream.ReferencePipeline.forEach(ReferencePipeline.java:418) ~[na:1.8.0_121]
	at org.swdc.note.service.ClipsService.getClipTree(ClipsService.java:46) ~[classes/:na]
	at org.swdc.note.service.ClipsService$$FastClassBySpringCGLIB$$be932546.invoke(<generated>) ~[classes/:na]
	at org.springframework.cglib.proxy.MethodProxy.invoke(MethodProxy.java:204) ~[spring-core-5.0.7.RELEASE.jar:5.0.7.RELEASE]
	at org.springframework.aop.framework.CglibAopProxy$DynamicAdvisedInterceptor.intercept(CglibAopProxy.java:684) ~[spring-aop-5.0.7.RELEASE.jar:5.0.7.RELEASE]
	at org.swdc.note.service.ClipsService$$EnhancerBySpringCGLIB$$b1e1941b.getClipTree(<generated>) ~[classes/:na]
	at org.swdc.note.ui.start.SWestPane.dataRefresh(SWestPane.java:92) ~[classes/:na]
	at sun.reflect.NativeMethodAccessorImpl.invoke0(Native Method) ~[na:1.8.0_121]
	at sun.reflect.NativeMethodAccessorImpl.invoke(NativeMethodAccessorImpl.java:62) ~[na:1.8.0_121]
	at sun.reflect.DelegatingMethodAccessorImpl.invoke(DelegatingMethodAccessorImpl.java:43) ~[na:1.8.0_121]
	at java.lang.reflect.Method.invoke(Method.java:498) ~[na:1.8.0_121]
	at org.springframework.beans.factory.annotation.InitDestroyAnnotationBeanPostProcessor$LifecycleElement.invoke(InitDestroyAnnotationBeanPostProcessor.java:365) ~[spring-beans-5.0.7.RELEASE.jar:5.0.7.RELEASE]
	at org.springframework.beans.factory.annotation.InitDestroyAnnotationBeanPostProcessor$LifecycleMetadata.invokeInitMethods(InitDestroyAnnotationBeanPostProcessor.java:308) ~[spring-beans-5.0.7.RELEASE.jar:5.0.7.RELEASE]
	at org.springframework.beans.factory.annotation.InitDestroyAnnotationBeanPostProcessor.postProcessBeforeInitialization(InitDestroyAnnotationBeanPostProcessor.java:135) ~[spring-beans-5.0.7.RELEASE.jar:5.0.7.RELEASE]
	... 47 common frames omitted

2018-07-16 07:55:10.079  INFO 10544 --- [main] org.swdc.note.SDreamNoteApplication      : Starting SDreamNoteApplication on LAPTOP-F2TD9061 with PID 10544 (D:\Spring\SDreamNote\target\classes started by lenovo in D:\Spring\SDreamNote)
2018-07-16 07:55:10.087  INFO 10544 --- [main] org.swdc.note.SDreamNoteApplication      : No active profile set, falling back to default profiles: default
2018-07-16 07:55:10.228  INFO 10544 --- [main] s.c.a.AnnotationConfigApplicationContext : Refreshing org.springframework.context.annotation.AnnotationConfigApplicationContext@74f0ea28: startup date [Mon Jul 16 07:55:10 CST 2018]; root of context hierarchy
2018-07-16 07:55:12.137  INFO 10544 --- [main] com.zaxxer.hikari.HikariDataSource       : HikariPool-1 - Starting...
2018-07-16 07:55:16.446  INFO 10544 --- [main] com.zaxxer.hikari.HikariDataSource       : HikariPool-1 - Start completed.
2018-07-16 07:55:16.524  INFO 10544 --- [main] j.LocalContainerEntityManagerFactoryBean : Building JPA container EntityManagerFactory for persistence unit 'default'
2018-07-16 07:55:16.547  INFO 10544 --- [main] o.hibernate.jpa.internal.util.LogHelper  : HHH000204: Processing PersistenceUnitInfo [
	name: default
	...]
2018-07-16 07:55:16.665  INFO 10544 --- [main] org.hibernate.Version                    : HHH000412: Hibernate Core {5.2.17.Final}
2018-07-16 07:55:16.666  INFO 10544 --- [main] org.hibernate.cfg.Environment            : HHH000206: hibernate.properties not found
2018-07-16 07:55:16.888  INFO 10544 --- [main] o.hibernate.annotations.common.Version   : HCANN000001: Hibernate Commons Annotations {5.0.1.Final}
2018-07-16 07:55:17.055  INFO 10544 --- [main] org.hibernate.dialect.Dialect            : HHH000400: Using dialect: org.hibernate.dialect.H2Dialect
2018-07-16 07:55:17.889  INFO 10544 --- [main] j.LocalContainerEntityManagerFactoryBean : Initialized JPA EntityManagerFactory for persistence unit 'default'
2018-07-16 07:55:18.938  INFO 10544 --- [main] o.h.h.i.QueryTranslatorFactoryInitiator  : HHH000397: Using ASTQueryTranslatorFactory
2018-07-16 07:55:21.347  INFO 10544 --- [main] o.s.j.e.a.AnnotationMBeanExporter        : Registering beans for JMX exposure on startup
2018-07-16 07:55:21.349  INFO 10544 --- [main] o.s.j.e.a.AnnotationMBeanExporter        : Bean with name 'dataSource' has been autodetected for JMX exposure
2018-07-16 07:55:21.356  INFO 10544 --- [main] o.s.j.e.a.AnnotationMBeanExporter        : Located MBean 'dataSource': registering with JMX server as MBean [com.zaxxer.hikari:name=dataSource,type=HikariDataSource]
2018-07-16 07:55:21.370  INFO 10544 --- [main] org.swdc.note.SDreamNoteApplication      : Started SDreamNoteApplication in 11.873 seconds (JVM running for 13.068)
2018-07-16 07:56:37.018  INFO 4912 --- [main] org.swdc.note.SDreamNoteApplication      : Starting SDreamNoteApplication on LAPTOP-F2TD9061 with PID 4912 (D:\Spring\SDreamNote\target\classes started by lenovo in D:\Spring\SDreamNote)
2018-07-16 07:56:37.026  INFO 4912 --- [main] org.swdc.note.SDreamNoteApplication      : No active profile set, falling back to default profiles: default
2018-07-16 07:56:37.185  INFO 4912 --- [main] s.c.a.AnnotationConfigApplicationContext : Refreshing org.springframework.context.annotation.AnnotationConfigApplicationContext@7e07db1f: startup date [Mon Jul 16 07:56:37 CST 2018]; root of context hierarchy
2018-07-16 07:56:39.035  INFO 4912 --- [main] com.zaxxer.hikari.HikariDataSource       : HikariPool-1 - Starting...
2018-07-16 07:56:43.408  INFO 4912 --- [main] com.zaxxer.hikari.HikariDataSource       : HikariPool-1 - Start completed.
2018-07-16 07:56:43.466  INFO 4912 --- [main] j.LocalContainerEntityManagerFactoryBean : Building JPA container EntityManagerFactory for persistence unit 'default'
2018-07-16 07:56:43.485  INFO 4912 --- [main] o.hibernate.jpa.internal.util.LogHelper  : HHH000204: Processing PersistenceUnitInfo [
	name: default
	...]
2018-07-16 07:56:43.581  INFO 4912 --- [main] org.hibernate.Version                    : HHH000412: Hibernate Core {5.2.17.Final}
2018-07-16 07:56:43.582  INFO 4912 --- [main] org.hibernate.cfg.Environment            : HHH000206: hibernate.properties not found
2018-07-16 07:56:43.798  INFO 4912 --- [main] o.hibernate.annotations.common.Version   : HCANN000001: Hibernate Commons Annotations {5.0.1.Final}
2018-07-16 07:56:43.958  INFO 4912 --- [main] org.hibernate.dialect.Dialect            : HHH000400: Using dialect: org.hibernate.dialect.H2Dialect
2018-07-16 07:56:44.186  WARN 4912 --- [main] s.c.a.AnnotationConfigApplicationContext : Exception encountered during context initialization - cancelling refresh attempt: org.springframework.beans.factory.BeanCreationException: Error creating bean with name 'entityManagerFactory' defined in class path resource [org/springframework/boot/autoconfigure/orm/jpa/HibernateJpaConfiguration.class]: Invocation of init method failed; nested exception is org.hibernate.AnnotationException: mappedBy reference an unknown target entity property: org.swdc.note.entity.ClipsArtle.type in org.swdc.note.entity.ClipsType.artles
2018-07-16 07:56:44.187  INFO 4912 --- [main] com.zaxxer.hikari.HikariDataSource       : HikariPool-1 - Shutdown initiated...
2018-07-16 07:56:44.191  INFO 4912 --- [main] com.zaxxer.hikari.HikariDataSource       : HikariPool-1 - Shutdown completed.
2018-07-16 07:56:44.202  INFO 4912 --- [main] ConditionEvaluationReportLoggingListener : 

Error starting ApplicationContext. To display the conditions report re-run your application with 'debug' enabled.
2018-07-16 07:56:44.211 ERROR 4912 --- [main] o.s.boot.SpringApplication               : Application run failed

org.springframework.beans.factory.BeanCreationException: Error creating bean with name 'entityManagerFactory' defined in class path resource [org/springframework/boot/autoconfigure/orm/jpa/HibernateJpaConfiguration.class]: Invocation of init method failed; nested exception is org.hibernate.AnnotationException: mappedBy reference an unknown target entity property: org.swdc.note.entity.ClipsArtle.type in org.swdc.note.entity.ClipsType.artles
	at org.springframework.beans.factory.support.AbstractAutowireCapableBeanFactory.initializeBean(AbstractAutowireCapableBeanFactory.java:1708) ~[spring-beans-5.0.7.RELEASE.jar:5.0.7.RELEASE]
	at org.springframework.beans.factory.support.AbstractAutowireCapableBeanFactory.doCreateBean(AbstractAutowireCapableBeanFactory.java:581) ~[spring-beans-5.0.7.RELEASE.jar:5.0.7.RELEASE]
	at org.springframework.beans.factory.support.AbstractAutowireCapableBeanFactory.createBean(AbstractAutowireCapableBeanFactory.java:503) ~[spring-beans-5.0.7.RELEASE.jar:5.0.7.RELEASE]
	at org.springframework.beans.factory.support.AbstractBeanFactory.lambda$doGetBean$0(AbstractBeanFactory.java:317) ~[spring-beans-5.0.7.RELEASE.jar:5.0.7.RELEASE]
	at org.springframework.beans.factory.support.DefaultSingletonBeanRegistry.getSingleton(DefaultSingletonBeanRegistry.java:222) ~[spring-beans-5.0.7.RELEASE.jar:5.0.7.RELEASE]
	at org.springframework.beans.factory.support.AbstractBeanFactory.doGetBean(AbstractBeanFactory.java:315) ~[spring-beans-5.0.7.RELEASE.jar:5.0.7.RELEASE]
	at org.springframework.beans.factory.support.AbstractBeanFactory.getBean(AbstractBeanFactory.java:199) ~[spring-beans-5.0.7.RELEASE.jar:5.0.7.RELEASE]
	at org.springframework.context.support.AbstractApplicationContext.getBean(AbstractApplicationContext.java:1089) ~[spring-context-5.0.7.RELEASE.jar:5.0.7.RELEASE]
	at org.springframework.context.support.AbstractApplicationContext.finishBeanFactoryInitialization(AbstractApplicationContext.java:859) ~[spring-context-5.0.7.RELEASE.jar:5.0.7.RELEASE]
	at org.springframework.context.support.AbstractApplicationContext.refresh(AbstractApplicationContext.java:550) ~[spring-context-5.0.7.RELEASE.jar:5.0.7.RELEASE]
	at org.springframework.boot.SpringApplication.refresh(SpringApplication.java:759) ~[spring-boot-2.0.3.RELEASE.jar:2.0.3.RELEASE]
	at org.springframework.boot.SpringApplication.refreshContext(SpringApplication.java:395) ~[spring-boot-2.0.3.RELEASE.jar:2.0.3.RELEASE]
	at org.springframework.boot.SpringApplication.run(SpringApplication.java:327) ~[spring-boot-2.0.3.RELEASE.jar:2.0.3.RELEASE]
	at org.springframework.boot.builder.SpringApplicationBuilder.run(SpringApplicationBuilder.java:137) [spring-boot-2.0.3.RELEASE.jar:2.0.3.RELEASE]
	at org.swdc.note.SDreamNoteApplication.main(SDreamNoteApplication.java:34) [classes/:na]
	at sun.reflect.NativeMethodAccessorImpl.invoke0(Native Method) ~[na:1.8.0_121]
	at sun.reflect.NativeMethodAccessorImpl.invoke(NativeMethodAccessorImpl.java:62) ~[na:1.8.0_121]
	at sun.reflect.DelegatingMethodAccessorImpl.invoke(DelegatingMethodAccessorImpl.java:43) ~[na:1.8.0_121]
	at java.lang.reflect.Method.invoke(Method.java:498) ~[na:1.8.0_121]
	at com.intellij.rt.execution.application.AppMain.main(AppMain.java:144) [idea_rt.jar:na]
Caused by: org.hibernate.AnnotationException: mappedBy reference an unknown target entity property: org.swdc.note.entity.ClipsArtle.type in org.swdc.note.entity.ClipsType.artles
	at org.hibernate.cfg.annotations.CollectionBinder.bindStarToManySecondPass(CollectionBinder.java:785) ~[hibernate-core-5.2.17.Final.jar:5.2.17.Final]
	at org.hibernate.cfg.annotations.CollectionBinder$1.secondPass(CollectionBinder.java:735) ~[hibernate-core-5.2.17.Final.jar:5.2.17.Final]
	at org.hibernate.cfg.CollectionSecondPass.doSecondPass(CollectionSecondPass.java:54) ~[hibernate-core-5.2.17.Final.jar:5.2.17.Final]
	at org.hibernate.boot.internal.InFlightMetadataCollectorImpl.processSecondPasses(InFlightMetadataCollectorImpl.java:1640) ~[hibernate-core-5.2.17.Final.jar:5.2.17.Final]
	at org.hibernate.boot.internal.InFlightMetadataCollectorImpl.processSecondPasses(InFlightMetadataCollectorImpl.java:1608) ~[hibernate-core-5.2.17.Final.jar:5.2.17.Final]
	at org.hibernate.boot.model.process.spi.MetadataBuildingProcess.complete(MetadataBuildingProcess.java:278) ~[hibernate-core-5.2.17.Final.jar:5.2.17.Final]
	at org.hibernate.jpa.boot.internal.EntityManagerFactoryBuilderImpl.metadata(EntityManagerFactoryBuilderImpl.java:861) ~[hibernate-core-5.2.17.Final.jar:5.2.17.Final]
	at org.hibernate.jpa.boot.internal.EntityManagerFactoryBuilderImpl.build(EntityManagerFactoryBuilderImpl.java:888) ~[hibernate-core-5.2.17.Final.jar:5.2.17.Final]
	at org.springframework.orm.jpa.vendor.SpringHibernateJpaPersistenceProvider.createContainerEntityManagerFactory(SpringHibernateJpaPersistenceProvider.java:57) ~[spring-orm-5.0.7.RELEASE.jar:5.0.7.RELEASE]
	at org.springframework.orm.jpa.LocalContainerEntityManagerFactoryBean.createNativeEntityManagerFactory(LocalContainerEntityManagerFactoryBean.java:365) ~[spring-orm-5.0.7.RELEASE.jar:5.0.7.RELEASE]
	at org.springframework.orm.jpa.AbstractEntityManagerFactoryBean.buildNativeEntityManagerFactory(AbstractEntityManagerFactoryBean.java:390) ~[spring-orm-5.0.7.RELEASE.jar:5.0.7.RELEASE]
	at org.springframework.orm.jpa.AbstractEntityManagerFactoryBean.afterPropertiesSet(AbstractEntityManagerFactoryBean.java:377) ~[spring-orm-5.0.7.RELEASE.jar:5.0.7.RELEASE]
	at org.springframework.orm.jpa.LocalContainerEntityManagerFactoryBean.afterPropertiesSet(LocalContainerEntityManagerFactoryBean.java:341) ~[spring-orm-5.0.7.RELEASE.jar:5.0.7.RELEASE]
	at org.springframework.beans.factory.support.AbstractAutowireCapableBeanFactory.invokeInitMethods(AbstractAutowireCapableBeanFactory.java:1767) ~[spring-beans-5.0.7.RELEASE.jar:5.0.7.RELEASE]
	at org.springframework.beans.factory.support.AbstractAutowireCapableBeanFactory.initializeBean(AbstractAutowireCapableBeanFactory.java:1704) ~[spring-beans-5.0.7.RELEASE.jar:5.0.7.RELEASE]
	... 19 common frames omitted

2018-07-16 07:57:28.631  INFO 10760 --- [main] org.swdc.note.SDreamNoteApplication      : Starting SDreamNoteApplication on LAPTOP-F2TD9061 with PID 10760 (D:\Spring\SDreamNote\target\classes started by lenovo in D:\Spring\SDreamNote)
2018-07-16 07:57:28.639  INFO 10760 --- [main] org.swdc.note.SDreamNoteApplication      : No active profile set, falling back to default profiles: default
2018-07-16 07:57:28.804  INFO 10760 --- [main] s.c.a.AnnotationConfigApplicationContext : Refreshing org.springframework.context.annotation.AnnotationConfigApplicationContext@33d512c1: startup date [Mon Jul 16 07:57:28 CST 2018]; root of context hierarchy
2018-07-16 07:57:30.450  INFO 10760 --- [main] com.zaxxer.hikari.HikariDataSource       : HikariPool-1 - Starting...
2018-07-16 07:57:30.777  INFO 10760 --- [main] com.zaxxer.hikari.HikariDataSource       : HikariPool-1 - Start completed.
2018-07-16 07:57:30.842  INFO 10760 --- [main] j.LocalContainerEntityManagerFactoryBean : Building JPA container EntityManagerFactory for persistence unit 'default'
2018-07-16 07:57:30.872  INFO 10760 --- [main] o.hibernate.jpa.internal.util.LogHelper  : HHH000204: Processing PersistenceUnitInfo [
	name: default
	...]
2018-07-16 07:57:30.976  INFO 10760 --- [main] org.hibernate.Version                    : HHH000412: Hibernate Core {5.2.17.Final}
2018-07-16 07:57:30.977  INFO 10760 --- [main] org.hibernate.cfg.Environment            : HHH000206: hibernate.properties not found
2018-07-16 07:57:31.201  INFO 10760 --- [main] o.hibernate.annotations.common.Version   : HCANN000001: Hibernate Commons Annotations {5.0.1.Final}
2018-07-16 07:57:31.375  INFO 10760 --- [main] org.hibernate.dialect.Dialect            : HHH000400: Using dialect: org.hibernate.dialect.H2Dialect
2018-07-16 07:57:32.243  INFO 10760 --- [main] j.LocalContainerEntityManagerFactoryBean : Initialized JPA EntityManagerFactory for persistence unit 'default'
2018-07-16 07:57:33.367  INFO 10760 --- [main] o.h.h.i.QueryTranslatorFactoryInitiator  : HHH000397: Using ASTQueryTranslatorFactory
2018-07-16 07:57:35.694  INFO 10760 --- [main] o.s.j.e.a.AnnotationMBeanExporter        : Registering beans for JMX exposure on startup
2018-07-16 07:57:35.695  INFO 10760 --- [main] o.s.j.e.a.AnnotationMBeanExporter        : Bean with name 'dataSource' has been autodetected for JMX exposure
2018-07-16 07:57:35.702  INFO 10760 --- [main] o.s.j.e.a.AnnotationMBeanExporter        : Located MBean 'dataSource': registering with JMX server as MBean [com.zaxxer.hikari:name=dataSource,type=HikariDataSource]
2018-07-16 07:57:35.717  INFO 10760 --- [main] org.swdc.note.SDreamNoteApplication      : Started SDreamNoteApplication in 7.878 seconds (JVM running for 9.169)
2018-07-16 07:58:40.514  INFO 14024 --- [main] org.swdc.note.SDreamNoteApplication      : Starting SDreamNoteApplication on LAPTOP-F2TD9061 with PID 14024 (D:\Spring\SDreamNote\target\classes started by lenovo in D:\Spring\SDreamNote)
2018-07-16 07:58:40.530  INFO 14024 --- [main] org.swdc.note.SDreamNoteApplication      : No active profile set, falling back to default profiles: default
2018-07-16 07:58:40.737  INFO 14024 --- [main] s.c.a.AnnotationConfigApplicationContext : Refreshing org.springframework.context.annotation.AnnotationConfigApplicationContext@4ec4f3a0: startup date [Mon Jul 16 07:58:40 CST 2018]; root of context hierarchy
2018-07-16 07:58:42.643  INFO 14024 --- [main] com.zaxxer.hikari.HikariDataSource       : HikariPool-1 - Starting...
2018-07-16 07:58:47.049  INFO 14024 --- [main] com.zaxxer.hikari.HikariDataSource       : HikariPool-1 - Start completed.
2018-07-16 07:58:47.234  INFO 14024 --- [main] j.LocalContainerEntityManagerFactoryBean : Building JPA container EntityManagerFactory for persistence unit 'default'
2018-07-16 07:58:47.289  INFO 14024 --- [main] o.hibernate.jpa.internal.util.LogHelper  : HHH000204: Processing PersistenceUnitInfo [
	name: default
	...]
2018-07-16 07:58:47.401  INFO 14024 --- [main] org.hibernate.Version                    : HHH000412: Hibernate Core {5.2.17.Final}
2018-07-16 07:58:47.403  INFO 14024 --- [main] org.hibernate.cfg.Environment            : HHH000206: hibernate.properties not found
2018-07-16 07:58:47.640  INFO 14024 --- [main] o.hibernate.annotations.common.Version   : HCANN000001: Hibernate Commons Annotations {5.0.1.Final}
2018-07-16 07:58:47.805  INFO 14024 --- [main] org.hibernate.dialect.Dialect            : HHH000400: Using dialect: org.hibernate.dialect.H2Dialect
2018-07-16 07:58:48.667  INFO 14024 --- [main] j.LocalContainerEntityManagerFactoryBean : Initialized JPA EntityManagerFactory for persistence unit 'default'
2018-07-16 07:58:50.130  INFO 14024 --- [main] o.h.h.i.QueryTranslatorFactoryInitiator  : HHH000397: Using ASTQueryTranslatorFactory
2018-07-16 07:58:53.536  INFO 14024 --- [main] o.s.j.e.a.AnnotationMBeanExporter        : Registering beans for JMX exposure on startup
2018-07-16 07:58:53.538  INFO 14024 --- [main] o.s.j.e.a.AnnotationMBeanExporter        : Bean with name 'dataSource' has been autodetected for JMX exposure
2018-07-16 07:58:53.543  INFO 14024 --- [main] o.s.j.e.a.AnnotationMBeanExporter        : Located MBean 'dataSource': registering with JMX server as MBean [com.zaxxer.hikari:name=dataSource,type=HikariDataSource]
2018-07-16 07:58:53.561  INFO 14024 --- [main] org.swdc.note.SDreamNoteApplication      : Started SDreamNoteApplication in 14.081 seconds (JVM running for 15.352)
2018-07-16 07:59:55.928  INFO 7700 --- [main] org.swdc.note.SDreamNoteApplication      : Starting SDreamNoteApplication on LAPTOP-F2TD9061 with PID 7700 (D:\Spring\SDreamNote\target\classes started by lenovo in D:\Spring\SDreamNote)
2018-07-16 07:59:55.935  INFO 7700 --- [main] org.swdc.note.SDreamNoteApplication      : No active profile set, falling back to default profiles: default
2018-07-16 07:59:56.098  INFO 7700 --- [main] s.c.a.AnnotationConfigApplicationContext : Refreshing org.springframework.context.annotation.AnnotationConfigApplicationContext@747ddf94: startup date [Mon Jul 16 07:59:56 CST 2018]; root of context hierarchy
2018-07-16 07:59:57.991  INFO 7700 --- [main] com.zaxxer.hikari.HikariDataSource       : HikariPool-1 - Starting...
2018-07-16 08:00:02.363  INFO 7700 --- [main] com.zaxxer.hikari.HikariDataSource       : HikariPool-1 - Start completed.
2018-07-16 08:00:02.425  INFO 7700 --- [main] j.LocalContainerEntityManagerFactoryBean : Building JPA container EntityManagerFactory for persistence unit 'default'
2018-07-16 08:00:02.444  INFO 7700 --- [main] o.hibernate.jpa.internal.util.LogHelper  : HHH000204: Processing PersistenceUnitInfo [
	name: default
	...]
2018-07-16 08:00:02.542  INFO 7700 --- [main] org.hibernate.Version                    : HHH000412: Hibernate Core {5.2.17.Final}
2018-07-16 08:00:02.544  INFO 7700 --- [main] org.hibernate.cfg.Environment            : HHH000206: hibernate.properties not found
2018-07-16 08:00:02.765  INFO 7700 --- [main] o.hibernate.annotations.common.Version   : HCANN000001: Hibernate Commons Annotations {5.0.1.Final}
2018-07-16 08:00:02.929  INFO 7700 --- [main] org.hibernate.dialect.Dialect            : HHH000400: Using dialect: org.hibernate.dialect.H2Dialect
2018-07-16 08:00:03.784  INFO 7700 --- [main] j.LocalContainerEntityManagerFactoryBean : Initialized JPA EntityManagerFactory for persistence unit 'default'
2018-07-16 08:00:05.068  INFO 7700 --- [main] o.h.h.i.QueryTranslatorFactoryInitiator  : HHH000397: Using ASTQueryTranslatorFactory
2018-07-16 08:00:08.456  INFO 7700 --- [main] o.s.j.e.a.AnnotationMBeanExporter        : Registering beans for JMX exposure on startup
2018-07-16 08:00:08.458  INFO 7700 --- [main] o.s.j.e.a.AnnotationMBeanExporter        : Bean with name 'dataSource' has been autodetected for JMX exposure
2018-07-16 08:00:08.465  INFO 7700 --- [main] o.s.j.e.a.AnnotationMBeanExporter        : Located MBean 'dataSource': registering with JMX server as MBean [com.zaxxer.hikari:name=dataSource,type=HikariDataSource]
2018-07-16 08:00:08.487  INFO 7700 --- [main] org.swdc.note.SDreamNoteApplication      : Started SDreamNoteApplication in 13.164 seconds (JVM running for 14.371)
2018-07-16 08:00:58.172  INFO 7700 --- [Thread-8] s.c.a.AnnotationConfigApplicationContext : Closing org.springframework.context.annotation.AnnotationConfigApplicationContext@747ddf94: startup date [Mon Jul 16 07:59:56 CST 2018]; root of context hierarchy
2018-07-16 08:00:58.181  INFO 7700 --- [Thread-8] o.s.j.e.a.AnnotationMBeanExporter        : Unregistering JMX-exposed beans on shutdown
2018-07-16 08:00:58.183  INFO 7700 --- [Thread-8] o.s.j.e.a.AnnotationMBeanExporter        : Unregistering JMX-exposed beans
2018-07-16 08:00:58.186  INFO 7700 --- [Thread-8] j.LocalContainerEntityManagerFactoryBean : Closing JPA EntityManagerFactory for persistence unit 'default'
2018-07-16 08:00:58.189  INFO 7700 --- [Thread-8] com.zaxxer.hikari.HikariDataSource       : HikariPool-1 - Shutdown initiated...
2018-07-16 08:00:58.194  INFO 7700 --- [Thread-8] com.zaxxer.hikari.HikariDataSource       : HikariPool-1 - Shutdown completed.
2018-07-16 08:01:04.110  INFO 15552 --- [main] org.swdc.note.SDreamNoteApplication      : Starting SDreamNoteApplication on LAPTOP-F2TD9061 with PID 15552 (D:\Spring\SDreamNote\target\classes started by lenovo in D:\Spring\SDreamNote)
2018-07-16 08:01:04.126  INFO 15552 --- [main] org.swdc.note.SDreamNoteApplication      : No active profile set, falling back to default profiles: default
2018-07-16 08:01:04.334  INFO 15552 --- [main] s.c.a.AnnotationConfigApplicationContext : Refreshing org.springframework.context.annotation.AnnotationConfigApplicationContext@1d2adfbe: startup date [Mon Jul 16 08:01:04 CST 2018]; root of context hierarchy
2018-07-16 08:01:06.165  INFO 15552 --- [main] com.zaxxer.hikari.HikariDataSource       : HikariPool-1 - Starting...
2018-07-16 08:01:06.469  INFO 15552 --- [main] com.zaxxer.hikari.HikariDataSource       : HikariPool-1 - Start completed.
2018-07-16 08:01:06.550  INFO 15552 --- [main] j.LocalContainerEntityManagerFactoryBean : Building JPA container EntityManagerFactory for persistence unit 'default'
2018-07-16 08:01:06.577  INFO 15552 --- [main] o.hibernate.jpa.internal.util.LogHelper  : HHH000204: Processing PersistenceUnitInfo [
	name: default
	...]
2018-07-16 08:01:06.670  INFO 15552 --- [main] org.hibernate.Version                    : HHH000412: Hibernate Core {5.2.17.Final}
2018-07-16 08:01:06.672  INFO 15552 --- [main] org.hibernate.cfg.Environment            : HHH000206: hibernate.properties not found
2018-07-16 08:01:06.986  INFO 15552 --- [main] o.hibernate.annotations.common.Version   : HCANN000001: Hibernate Commons Annotations {5.0.1.Final}
2018-07-16 08:01:07.188  INFO 15552 --- [main] org.hibernate.dialect.Dialect            : HHH000400: Using dialect: org.hibernate.dialect.H2Dialect
2018-07-16 08:01:08.168  INFO 15552 --- [main] j.LocalContainerEntityManagerFactoryBean : Initialized JPA EntityManagerFactory for persistence unit 'default'
2018-07-16 08:01:09.252  INFO 15552 --- [main] o.h.h.i.QueryTranslatorFactoryInitiator  : HHH000397: Using ASTQueryTranslatorFactory
2018-07-16 08:01:11.838  INFO 15552 --- [main] o.s.j.e.a.AnnotationMBeanExporter        : Registering beans for JMX exposure on startup
2018-07-16 08:01:11.840  INFO 15552 --- [main] o.s.j.e.a.AnnotationMBeanExporter        : Bean with name 'dataSource' has been autodetected for JMX exposure
2018-07-16 08:01:11.847  INFO 15552 --- [main] o.s.j.e.a.AnnotationMBeanExporter        : Located MBean 'dataSource': registering with JMX server as MBean [com.zaxxer.hikari:name=dataSource,type=HikariDataSource]
2018-07-16 08:01:11.862  INFO 15552 --- [main] org.swdc.note.SDreamNoteApplication      : Started SDreamNoteApplication in 8.301 seconds (JVM running for 9.507)
2018-07-16 08:02:11.301  INFO 17736 --- [main] org.swdc.note.SDreamNoteApplication      : Starting SDreamNoteApplication on LAPTOP-F2TD9061 with PID 17736 (D:\Spring\SDreamNote\target\classes started by lenovo in D:\Spring\SDreamNote)
2018-07-16 08:02:11.403  INFO 17736 --- [main] org.swdc.note.SDreamNoteApplication      : No active profile set, falling back to default profiles: default
2018-07-16 08:02:11.487  INFO 17736 --- [main] s.c.a.AnnotationConfigApplicationContext : Refreshing org.springframework.context.annotation.AnnotationConfigApplicationContext@4efbca5a: startup date [Mon Jul 16 08:02:11 CST 2018]; root of context hierarchy
2018-07-16 08:02:13.283  INFO 17736 --- [main] com.zaxxer.hikari.HikariDataSource       : HikariPool-1 - Starting...
2018-07-16 08:02:17.660  INFO 17736 --- [main] com.zaxxer.hikari.HikariDataSource       : HikariPool-1 - Start completed.
2018-07-16 08:02:17.723  INFO 17736 --- [main] j.LocalContainerEntityManagerFactoryBean : Building JPA container EntityManagerFactory for persistence unit 'default'
2018-07-16 08:02:17.744  INFO 17736 --- [main] o.hibernate.jpa.internal.util.LogHelper  : HHH000204: Processing PersistenceUnitInfo [
	name: default
	...]
2018-07-16 08:02:17.839  INFO 17736 --- [main] org.hibernate.Version                    : HHH000412: Hibernate Core {5.2.17.Final}
2018-07-16 08:02:17.841  INFO 17736 --- [main] org.hibernate.cfg.Environment            : HHH000206: hibernate.properties not found
2018-07-16 08:02:18.066  INFO 17736 --- [main] o.hibernate.annotations.common.Version   : HCANN000001: Hibernate Commons Annotations {5.0.1.Final}
2018-07-16 08:02:18.232  INFO 17736 --- [main] org.hibernate.dialect.Dialect            : HHH000400: Using dialect: org.hibernate.dialect.H2Dialect
2018-07-16 08:02:19.099  INFO 17736 --- [main] j.LocalContainerEntityManagerFactoryBean : Initialized JPA EntityManagerFactory for persistence unit 'default'
2018-07-16 08:02:20.091  INFO 17736 --- [main] o.h.h.i.QueryTranslatorFactoryInitiator  : HHH000397: Using ASTQueryTranslatorFactory
2018-07-16 08:02:23.202  INFO 17736 --- [main] o.s.j.e.a.AnnotationMBeanExporter        : Registering beans for JMX exposure on startup
2018-07-16 08:02:23.204  INFO 17736 --- [main] o.s.j.e.a.AnnotationMBeanExporter        : Bean with name 'dataSource' has been autodetected for JMX exposure
2018-07-16 08:02:23.213  INFO 17736 --- [main] o.s.j.e.a.AnnotationMBeanExporter        : Located MBean 'dataSource': registering with JMX server as MBean [com.zaxxer.hikari:name=dataSource,type=HikariDataSource]
2018-07-16 08:02:23.229  INFO 17736 --- [main] org.swdc.note.SDreamNoteApplication      : Started SDreamNoteApplication in 12.739 seconds (JVM running for 14.001)
2018-07-16 08:03:01.194  INFO 10268 --- [main] org.swdc.note.SDreamNoteApplication      : Starting SDreamNoteApplication on LAPTOP-F2TD9061 with PID 10268 (D:\Spring\SDreamNote\target\classes started by lenovo in D:\Spring\SDreamNote)
2018-07-16 08:03:01.200  INFO 10268 --- [main] org.swdc.note.SDreamNoteApplication      : No active profile set, falling back to default profiles: default
2018-07-16 08:03:01.482  INFO 10268 --- [main] s.c.a.AnnotationConfigApplicationContext : Refreshing org.springframework.context.annotation.AnnotationConfigApplicationContext@6ae5aa72: startup date [Mon Jul 16 08:03:01 CST 2018]; root of context hierarchy
2018-07-16 08:03:03.577  INFO 10268 --- [main] com.zaxxer.hikari.HikariDataSource       : HikariPool-1 - Starting...
2018-07-16 08:03:08.082  INFO 10268 --- [main] com.zaxxer.hikari.HikariDataSource       : HikariPool-1 - Start completed.
2018-07-16 08:03:08.154  INFO 10268 --- [main] j.LocalContainerEntityManagerFactoryBean : Building JPA container EntityManagerFactory for persistence unit 'default'
2018-07-16 08:03:08.181  INFO 10268 --- [main] o.hibernate.jpa.internal.util.LogHelper  : HHH000204: Processing PersistenceUnitInfo [
	name: default
	...]
2018-07-16 08:03:08.325  INFO 10268 --- [main] org.hibernate.Version                    : HHH000412: Hibernate Core {5.2.17.Final}
2018-07-16 08:03:08.335  INFO 10268 --- [main] org.hibernate.cfg.Environment            : HHH000206: hibernate.properties not found
2018-07-16 08:03:08.713  INFO 10268 --- [main] o.hibernate.annotations.common.Version   : HCANN000001: Hibernate Commons Annotations {5.0.1.Final}
2018-07-16 08:03:09.040  INFO 10268 --- [main] org.hibernate.dialect.Dialect            : HHH000400: Using dialect: org.hibernate.dialect.H2Dialect
2018-07-16 08:03:10.748  INFO 10268 --- [main] j.LocalContainerEntityManagerFactoryBean : Initialized JPA EntityManagerFactory for persistence unit 'default'
2018-07-16 08:03:12.400  INFO 10268 --- [main] o.h.h.i.QueryTranslatorFactoryInitiator  : HHH000397: Using ASTQueryTranslatorFactory
2018-07-16 08:03:15.871  INFO 10268 --- [main] o.s.j.e.a.AnnotationMBeanExporter        : Registering beans for JMX exposure on startup
2018-07-16 08:03:15.873  INFO 10268 --- [main] o.s.j.e.a.AnnotationMBeanExporter        : Bean with name 'dataSource' has been autodetected for JMX exposure
2018-07-16 08:03:15.881  INFO 10268 --- [main] o.s.j.e.a.AnnotationMBeanExporter        : Located MBean 'dataSource': registering with JMX server as MBean [com.zaxxer.hikari:name=dataSource,type=HikariDataSource]
2018-07-16 08:03:15.901  INFO 10268 --- [main] org.swdc.note.SDreamNoteApplication      : Started SDreamNoteApplication in 15.719 seconds (JVM running for 17.151)
2018-07-16 08:07:15.626  INFO 4340 --- [main] org.swdc.note.SDreamNoteApplication      : Starting SDreamNoteApplication on LAPTOP-F2TD9061 with PID 4340 (D:\Spring\SDreamNote\target\classes started by lenovo in D:\Spring\SDreamNote)
2018-07-16 08:07:15.768  INFO 4340 --- [main] org.swdc.note.SDreamNoteApplication      : No active profile set, falling back to default profiles: default
2018-07-16 08:07:16.002  INFO 4340 --- [main] s.c.a.AnnotationConfigApplicationContext : Refreshing org.springframework.context.annotation.AnnotationConfigApplicationContext@47eaca72: startup date [Mon Jul 16 08:07:16 CST 2018]; root of context hierarchy
2018-07-16 08:07:18.307  INFO 4340 --- [main] com.zaxxer.hikari.HikariDataSource       : HikariPool-1 - Starting...
2018-07-16 08:07:22.642  INFO 4340 --- [main] com.zaxxer.hikari.HikariDataSource       : HikariPool-1 - Start completed.
2018-07-16 08:07:22.711  INFO 4340 --- [main] j.LocalContainerEntityManagerFactoryBean : Building JPA container EntityManagerFactory for persistence unit 'default'
2018-07-16 08:07:22.749  INFO 4340 --- [main] o.hibernate.jpa.internal.util.LogHelper  : HHH000204: Processing PersistenceUnitInfo [
	name: default
	...]
2018-07-16 08:07:22.845  INFO 4340 --- [main] org.hibernate.Version                    : HHH000412: Hibernate Core {5.2.17.Final}
2018-07-16 08:07:22.847  INFO 4340 --- [main] org.hibernate.cfg.Environment            : HHH000206: hibernate.properties not found
2018-07-16 08:07:23.082  INFO 4340 --- [main] o.hibernate.annotations.common.Version   : HCANN000001: Hibernate Commons Annotations {5.0.1.Final}
2018-07-16 08:07:23.249  INFO 4340 --- [main] org.hibernate.dialect.Dialect            : HHH000400: Using dialect: org.hibernate.dialect.H2Dialect
2018-07-16 08:07:24.109  INFO 4340 --- [main] j.LocalContainerEntityManagerFactoryBean : Initialized JPA EntityManagerFactory for persistence unit 'default'
2018-07-16 08:07:25.116  INFO 4340 --- [main] o.h.h.i.QueryTranslatorFactoryInitiator  : HHH000397: Using ASTQueryTranslatorFactory
2018-07-16 08:07:27.487  INFO 4340 --- [main] o.s.j.e.a.AnnotationMBeanExporter        : Registering beans for JMX exposure on startup
2018-07-16 08:07:27.488  INFO 4340 --- [main] o.s.j.e.a.AnnotationMBeanExporter        : Bean with name 'dataSource' has been autodetected for JMX exposure
2018-07-16 08:07:27.495  INFO 4340 --- [main] o.s.j.e.a.AnnotationMBeanExporter        : Located MBean 'dataSource': registering with JMX server as MBean [com.zaxxer.hikari:name=dataSource,type=HikariDataSource]
2018-07-16 08:07:27.510  INFO 4340 --- [main] org.swdc.note.SDreamNoteApplication      : Started SDreamNoteApplication in 13.231 seconds (JVM running for 16.001)
2018-07-16 08:09:46.529  INFO 11620 --- [main] org.swdc.note.SDreamNoteApplication      : Starting SDreamNoteApplication on LAPTOP-F2TD9061 with PID 11620 (D:\Spring\SDreamNote\target\classes started by lenovo in D:\Spring\SDreamNote)
2018-07-16 08:09:46.535  INFO 11620 --- [main] org.swdc.note.SDreamNoteApplication      : No active profile set, falling back to default profiles: default
2018-07-16 08:09:46.723  INFO 11620 --- [main] s.c.a.AnnotationConfigApplicationContext : Refreshing org.springframework.context.annotation.AnnotationConfigApplicationContext@2f9f7dcf: startup date [Mon Jul 16 08:09:46 CST 2018]; root of context hierarchy
2018-07-16 08:09:48.186  INFO 11620 --- [main] com.zaxxer.hikari.HikariDataSource       : HikariPool-1 - Starting...
2018-07-16 08:09:52.581  INFO 11620 --- [main] com.zaxxer.hikari.HikariDataSource       : HikariPool-1 - Start completed.
2018-07-16 08:09:52.652  INFO 11620 --- [main] j.LocalContainerEntityManagerFactoryBean : Building JPA container EntityManagerFactory for persistence unit 'default'
2018-07-16 08:09:52.680  INFO 11620 --- [main] o.hibernate.jpa.internal.util.LogHelper  : HHH000204: Processing PersistenceUnitInfo [
	name: default
	...]
2018-07-16 08:09:52.806  INFO 11620 --- [main] org.hibernate.Version                    : HHH000412: Hibernate Core {5.2.17.Final}
2018-07-16 08:09:52.808  INFO 11620 --- [main] org.hibernate.cfg.Environment            : HHH000206: hibernate.properties not found
2018-07-16 08:09:53.044  INFO 11620 --- [main] o.hibernate.annotations.common.Version   : HCANN000001: Hibernate Commons Annotations {5.0.1.Final}
2018-07-16 08:09:53.199  INFO 11620 --- [main] org.hibernate.dialect.Dialect            : HHH000400: Using dialect: org.hibernate.dialect.H2Dialect
2018-07-16 08:09:54.094  INFO 11620 --- [main] j.LocalContainerEntityManagerFactoryBean : Initialized JPA EntityManagerFactory for persistence unit 'default'
2018-07-16 08:09:55.116  INFO 11620 --- [main] o.h.h.i.QueryTranslatorFactoryInitiator  : HHH000397: Using ASTQueryTranslatorFactory
2018-07-16 08:09:57.550  INFO 11620 --- [main] o.s.j.e.a.AnnotationMBeanExporter        : Registering beans for JMX exposure on startup
2018-07-16 08:09:57.552  INFO 11620 --- [main] o.s.j.e.a.AnnotationMBeanExporter        : Bean with name 'dataSource' has been autodetected for JMX exposure
2018-07-16 08:09:57.559  INFO 11620 --- [main] o.s.j.e.a.AnnotationMBeanExporter        : Located MBean 'dataSource': registering with JMX server as MBean [com.zaxxer.hikari:name=dataSource,type=HikariDataSource]
2018-07-16 08:09:57.573  INFO 11620 --- [main] org.swdc.note.SDreamNoteApplication      : Started SDreamNoteApplication in 11.9 seconds (JVM running for 13.185)
2018-07-16 08:10:36.827  INFO 11620 --- [Thread-8] s.c.a.AnnotationConfigApplicationContext : Closing org.springframework.context.annotation.AnnotationConfigApplicationContext@2f9f7dcf: startup date [Mon Jul 16 08:09:46 CST 2018]; root of context hierarchy
2018-07-16 08:10:36.833  INFO 11620 --- [Thread-8] o.s.j.e.a.AnnotationMBeanExporter        : Unregistering JMX-exposed beans on shutdown
2018-07-16 08:10:36.834  INFO 11620 --- [Thread-8] o.s.j.e.a.AnnotationMBeanExporter        : Unregistering JMX-exposed beans
2018-07-16 08:10:36.840  INFO 11620 --- [Thread-8] j.LocalContainerEntityManagerFactoryBean : Closing JPA EntityManagerFactory for persistence unit 'default'
2018-07-16 08:10:36.843  INFO 11620 --- [Thread-8] com.zaxxer.hikari.HikariDataSource       : HikariPool-1 - Shutdown initiated...
2018-07-16 08:10:36.851  INFO 11620 --- [Thread-8] com.zaxxer.hikari.HikariDataSource       : HikariPool-1 - Shutdown completed.
2018-07-16 21:27:03.211  INFO 2844 --- [main] org.swdc.note.SDreamNoteApplication      : Starting SDreamNoteApplication on LAPTOP-F2TD9061 with PID 2844 (D:\Spring\SDreamNote\target\classes started by lenovo in D:\Spring\SDreamNote)
2018-07-16 21:27:03.220  INFO 2844 --- [main] org.swdc.note.SDreamNoteApplication      : No active profile set, falling back to default profiles: default
2018-07-16 21:27:03.401  INFO 2844 --- [main] s.c.a.AnnotationConfigApplicationContext : Refreshing org.springframework.context.annotation.AnnotationConfigApplicationContext@4ec4f3a0: startup date [Mon Jul 16 21:27:03 CST 2018]; root of context hierarchy
2018-07-16 21:27:05.230  INFO 2844 --- [main] com.zaxxer.hikari.HikariDataSource       : HikariPool-1 - Starting...
2018-07-16 21:27:05.662  INFO 2844 --- [main] com.zaxxer.hikari.HikariDataSource       : HikariPool-1 - Start completed.
2018-07-16 21:27:05.740  INFO 2844 --- [main] j.LocalContainerEntityManagerFactoryBean : Building JPA container EntityManagerFactory for persistence unit 'default'
2018-07-16 21:27:05.766  INFO 2844 --- [main] o.hibernate.jpa.internal.util.LogHelper  : HHH000204: Processing PersistenceUnitInfo [
	name: default
	...]
2018-07-16 21:27:05.997  INFO 2844 --- [main] org.hibernate.Version                    : HHH000412: Hibernate Core {5.2.17.Final}
2018-07-16 21:27:06.001  INFO 2844 --- [main] org.hibernate.cfg.Environment            : HHH000206: hibernate.properties not found
2018-07-16 21:27:06.282  INFO 2844 --- [main] o.hibernate.annotations.common.Version   : HCANN000001: Hibernate Commons Annotations {5.0.1.Final}
2018-07-16 21:27:06.488  INFO 2844 --- [main] org.hibernate.dialect.Dialect            : HHH000400: Using dialect: org.hibernate.dialect.H2Dialect
2018-07-16 21:27:07.515  INFO 2844 --- [main] j.LocalContainerEntityManagerFactoryBean : Initialized JPA EntityManagerFactory for persistence unit 'default'
2018-07-16 21:27:08.639  INFO 2844 --- [main] o.h.h.i.QueryTranslatorFactoryInitiator  : HHH000397: Using ASTQueryTranslatorFactory
2018-07-16 21:27:11.452  INFO 2844 --- [main] o.s.j.e.a.AnnotationMBeanExporter        : Registering beans for JMX exposure on startup
2018-07-16 21:27:11.454  INFO 2844 --- [main] o.s.j.e.a.AnnotationMBeanExporter        : Bean with name 'dataSource' has been autodetected for JMX exposure
2018-07-16 21:27:11.464  INFO 2844 --- [main] o.s.j.e.a.AnnotationMBeanExporter        : Located MBean 'dataSource': registering with JMX server as MBean [com.zaxxer.hikari:name=dataSource,type=HikariDataSource]
2018-07-16 21:27:11.489  INFO 2844 --- [main] org.swdc.note.SDreamNoteApplication      : Started SDreamNoteApplication in 9.108 seconds (JVM running for 11.468)
2018-07-16 21:27:22.787  INFO 2844 --- [Thread-8] s.c.a.AnnotationConfigApplicationContext : Closing org.springframework.context.annotation.AnnotationConfigApplicationContext@4ec4f3a0: startup date [Mon Jul 16 21:27:03 CST 2018]; root of context hierarchy
2018-07-16 21:27:22.793  INFO 2844 --- [Thread-8] o.s.j.e.a.AnnotationMBeanExporter        : Unregistering JMX-exposed beans on shutdown
2018-07-16 21:27:22.794  INFO 2844 --- [Thread-8] o.s.j.e.a.AnnotationMBeanExporter        : Unregistering JMX-exposed beans
2018-07-16 21:27:22.804  INFO 2844 --- [Thread-8] j.LocalContainerEntityManagerFactoryBean : Closing JPA EntityManagerFactory for persistence unit 'default'
2018-07-16 21:27:22.809  INFO 2844 --- [Thread-8] com.zaxxer.hikari.HikariDataSource       : HikariPool-1 - Shutdown initiated...
2018-07-16 21:27:22.861  INFO 2844 --- [Thread-8] com.zaxxer.hikari.HikariDataSource       : HikariPool-1 - Shutdown completed.
